#
# A fatal error has been detected by the Java Runtime Environment:
#
#  EXCEPTION_ACCESS_VIOLATION (0xc0000005) at pc=0x00007ff94f46e0a9, pid=5460, tid=6152
#
# JRE version: OpenJDK Runtime Environment Microsoft-8035246 (17.0.8+7) (build 17.0.8+7-LTS)
# Java VM: OpenJDK 64-Bit Server VM Microsoft-8035246 (17.0.8+7-LTS, mixed mode, sharing, tiered, compressed oops, compressed class ptrs, g1 gc, windows-amd64)
# Problematic frame:
# V  [jvm.dll+0x2be0a9]
#
# No core dump will be written. Minidumps are not enabled by default on client versions of Windows
#
# If you would like to submit a bug report, please visit:
#   https://github.com/microsoft/openjdk/issues
#

---------------  S U M M A R Y ------------

Command Line: -XX:MaxMetaspaceSize=512m --add-opens=java.base/java.util=ALL-UNNAMED --add-opens=java.base/java.lang=ALL-UNNAMED --add-opens=java.base/java.lang.invoke=ALL-UNNAMED --add-opens=java.prefs/java.util.prefs=ALL-UNNAMED --add-opens=java.base/java.nio.charset=ALL-UNNAMED --add-opens=java.base/java.net=ALL-UNNAMED --add-opens=java.base/java.util.concurrent.atomic=ALL-UNNAMED -Xmx2048m -Dfile.encoding=windows-1252 -Duser.country=US -Duser.language=en -Duser.variant -javaagent:C:\Users\SOC SOLUTION\.gradle\wrapper\dists\gradle-8.3-all\6en3ugtfdg5xnpx44z4qbwgas\gradle-8.3\lib\agents\gradle-instrumentation-agent-8.3.jar org.gradle.launcher.daemon.bootstrap.GradleDaemon 8.3

Host: Intel(R) Core(TM) i5-4590 CPU @ 3.30GHz, 4 cores, 7G,  Windows 10 , 64 bit Build 19041 (10.0.19041.3636)
Time: Wed Jan 31 18:07:25 2024 Pakistan Standard Time elapsed time: 50.423981 seconds (0d 0h 0m 50s)

---------------  T H R E A D  ---------------

Current thread (0x000001c6ec284d60):  JavaThread "C2 CompilerThread0" daemon [_thread_in_native, id=6152, stack(0x000000b98e200000,0x000000b98e300000)]


Current CompileTask:
C2:  50424 14887   !   4       org.gradle.cache.internal.DefaultMultiProcessSafeIndexedCache::getIfPresent (25 bytes)

Stack: [0x000000b98e200000,0x000000b98e300000],  sp=0x000000b98e2fb830,  free space=1006k
Native frames: (J=compiled Java code, j=interpreted, Vv=VM code, C=native code)
V  [jvm.dll+0x2be0a9]
V  [jvm.dll+0x21ba8b]
V  [jvm.dll+0x21944b]
V  [jvm.dll+0x1a56b6]
V  [jvm.dll+0x2291ea]
V  [jvm.dll+0x22724c]
V  [jvm.dll+0x7efd0c]
V  [jvm.dll+0x7ea13a]
V  [jvm.dll+0x67ad85]
C  [ucrtbase.dll+0x21bb2]
C  [KERNEL32.DLL+0x17344]
C  [ntdll.dll+0x526b1]


siginfo: EXCEPTION_ACCESS_VIOLATION (0xc0000005), reading address 0x0000000000000028


Register to memory mapping:

RIP=0x00007ff94f46e0a9 jvm.dll
RAX=0x000001c6f5bad930 points into unknown readable memory: 0x0000000000000000 | 00 00 00 00 00 00 00 00
RBX=0x00000000000017a2 is an unknown value
RCX=0x0 is NULL
RDX=0x0 is NULL
RSP=0x000000b98e2fb830 is pointing into the stack for thread: 0x000001c6ec284d60
RBP=0x000000b98e2fb8a0 is pointing into the stack for thread: 0x000001c6ec284d60
RSI=0x0 is NULL
RDI=0x0000000000000048 is an unknown value
R8 =0x000000000000ffe0 is an unknown value
R9 =0x0 is NULL
R10=0x00007ff9a7b60000 VCRUNTIME140.dll
R11=0x000001c6f5bad950 points into unknown readable memory: 0x0000000000000000 | 00 00 00 00 00 00 00 00
R12=0x0000000000000050 is an unknown value
R13=0x0 is NULL
R14=0x0 is NULL
R15=0x000000b98e2fea50 is pointing into the stack for thread: 0x000001c6ec284d60


Registers:
RAX=0x000001c6f5bad930, RBX=0x00000000000017a2, RCX=0x0000000000000000, RDX=0x0000000000000000
RSP=0x000000b98e2fb830, RBP=0x000000b98e2fb8a0, RSI=0x0000000000000000, RDI=0x0000000000000048
R8 =0x000000000000ffe0, R9 =0x0000000000000000, R10=0x00007ff9a7b60000, R11=0x000001c6f5bad950
R12=0x0000000000000050, R13=0x0000000000000000, R14=0x0000000000000000, R15=0x000000b98e2fea50
RIP=0x00007ff94f46e0a9, EFLAGS=0x0000000000010202

Top of Stack: (sp=0x000000b98e2fb830)
0x000000b98e2fb830:   00000000000017a2 0000000000000000
0x000000b98e2fb840:   000000b98e2fea50 00007ff94f3d38d1
0x000000b98e2fb850:   000001c6ec27eba0 00007ff900002000
0x000000b98e2fb860:   000001c6f5bad930 0000000000000000
0x000000b98e2fb870:   0000000000000002 000001c6fd1500f0
0x000000b98e2fb880:   0000000000000002 000001c6ec27eba0
0x000000b98e2fb890:   0000000000000000 0000000000000000
0x000000b98e2fb8a0:   000001c6ce77c1d0 000001c6ce6dc5a0
0x000000b98e2fb8b0:   0000000000000048 00007ff94faf4c08
0x000000b98e2fb8c0:   000000b98e2fb9d0 00007ff94f3cba8b
0x000000b98e2fb8d0:   000000b98e2fea50 00007ff94faf4c08
0x000000b98e2fb8e0:   000000b98e2fea50 000000b98e2fb9d0
0x000000b98e2fb8f0:   000001c600000000 00007ff94f7cb7fb
0x000000b98e2fb900:   000000b90000000f 000000b98e2fea50
0x000000b98e2fb910:   000000b98e2fba80 0000000000000000
0x000000b98e2fb920:   000001c600000100 00007ff94faf4c08 

Instructions: (pc=0x00007ff94f46e0a9)
0x00007ff94f46dfa9:   3b d0 75 0b ff c1 41 3b c9 7c dc 48 8b c2 c3 33
0x00007ff94f46dfb9:   c0 c3 cc cc cc cc cc 48 89 5c 24 18 55 56 57 41
0x00007ff94f46dfc9:   55 41 57 48 8b ec 48 83 ec 70 65 48 8b 04 25 58
0x00007ff94f46dfd9:   00 00 00 48 8b f2 44 8b 05 d2 8b 90 00 4c 8b f9
0x00007ff94f46dfe9:   4a 8b 1c c0 b8 50 00 00 00 80 3c 18 00 75 05 e8
0x00007ff94f46dff9:   8b 6f 5d 00 b8 20 00 00 00 48 8b 04 18 48 8b 98
0x00007ff94f46e009:   38 02 00 00 48 89 5d b0 c7 45 b8 04 00 00 00 48
0x00007ff94f46e019:   8b 43 18 48 83 f8 df 76 18 4c 8d 05 37 a9 65 00
0x00007ff94f46e029:   ba 20 00 00 00 48 8b cb e8 5a eb de ff 48 8b 43
0x00007ff94f46e039:   18 48 8d 48 20 48 3b 4b 20 76 11 45 33 c0 48 8b
0x00007ff94f46e049:   cb 41 8d 50 20 e8 fd e8 de ff eb 04 48 89 4b 18
0x00007ff94f46e059:   44 8b 45 b8 33 d2 49 c1 e0 03 48 8b c8 48 89 45
0x00007ff94f46e069:   c0 e8 e3 80 5d 00 45 33 ed 48 8d 4d d0 44 89 6d
0x00007ff94f46e079:   c8 e8 01 59 56 00 41 8b 9f 40 02 00 00 41 2b 9f
0x00007ff94f46e089:   68 02 00 00 44 89 6d f0 3b 5d b8 72 0b 8b d3 48
0x00007ff94f46e099:   8d 4d b0 e8 6f b3 39 00 48 8b 45 c0 4c 89 2c d8
0x00007ff94f46e0a9:   8b 7e 28 8b df c1 eb 05 3b 5d d0 72 0b 8b d3 48
0x00007ff94f46e0b9:   8d 4d d0 e8 1f 59 56 00 48 8b 45 d8 83 e7 1f 48
0x00007ff94f46e0c9:   8d 14 98 40 0f b6 cf 41 b8 01 00 00 00 41 d3 e0
0x00007ff94f46e0d9:   8b 0a 8b c1 41 0b c0 89 02 41 85 c8 75 21 8b 5d
0x00007ff94f46e0e9:   c8 8d 43 01 89 45 c8 3b 5d b8 72 0b 8b d3 48 8d
0x00007ff94f46e0f9:   4d b0 e8 10 b3 39 00 48 8b 45 c0 48 89 34 d8 44
0x00007ff94f46e109:   39 6d c8 0f 86 77 01 00 00 4c 89 a4 24 a0 00 00
0x00007ff94f46e119:   00 4c 89 b4 24 a8 00 00 00 48 8b 45 c0 41 8b cd
0x00007ff94f46e129:   48 8b 34 c8 8b 46 2c 25 ff 1f 00 00 3d 04 10 00
0x00007ff94f46e139:   00 0f 85 a7 00 00 00 bb 01 00 00 00 39 5e 18 76
0x00007ff94f46e149:   39 66 0f 1f 44 00 00 48 8b 46 08 8b cb 48 8b 14
0x00007ff94f46e159:   c8 48 85 d2 74 1d 48 83 7a 10 00 74 16 80 7a 2c
0x00007ff94f46e169:   84 74 10 e8 7f 7e ee ff 48 8b d0 49 8b cf e8 a4
0x00007ff94f46e179:   61 f6 ff ff c3 3b 5e 18 72 cd 48 8b 5e 10 8b 46
0x00007ff94f46e189:   20 4c 8d 34 c3 49 3b de 73 54 48 8b 3b 8b 47 2c
0x00007ff94f46e199:   83 e0 03 3c 03 75 2e 48 8b 07 48 8b cf ff 90 88 


Stack slot to memory mapping:
stack at sp + 0 slots: 0x00000000000017a2 is an unknown value
stack at sp + 1 slots: 0x0 is NULL
stack at sp + 2 slots: 0x000000b98e2fea50 is pointing into the stack for thread: 0x000001c6ec284d60
stack at sp + 3 slots: 0x00007ff94f3d38d1 jvm.dll
stack at sp + 4 slots: 0x000001c6ec27eba0 points into unknown readable memory: 0x000001c600000006 | 06 00 00 00 c6 01 00 00
stack at sp + 5 slots: 0x00007ff900002000 is an unknown value
stack at sp + 6 slots: 0x000001c6f5bad930 points into unknown readable memory: 0x0000000000000000 | 00 00 00 00 00 00 00 00
stack at sp + 7 slots: 0x0 is NULL


---------------  P R O C E S S  ---------------

Threads class SMR info:
_java_thread_list=0x000001c6f5b86d00, length=95, elements={
0x000001c6ce6c5520, 0x000001c6ec2687e0, 0x000001c6ec269b80, 0x000001c6ec27f360,
0x000001c6ec281f00, 0x000001c6ec2837e0, 0x000001c6ec2840b0, 0x000001c6ec284d60,
0x000001c6ec285720, 0x000001c6ec2b1ce0, 0x000001c6ec2540b0, 0x000001c6ec53a3c0,
0x000001c6f1caff10, 0x000001c6f29a5750, 0x000001c6f28e5df0, 0x000001c6f1d8a660,
0x000001c6f29a2360, 0x000001c6ec785150, 0x000001c6ec786080, 0x000001c6ec785660,
0x000001c6ec786aa0, 0x000001c6ec785b70, 0x000001c6f231f570, 0x000001c6f2323740,
0x000001c6f2322810, 0x000001c6f2322d20, 0x000001c6f2323230, 0x000001c6f2324b80,
0x000001c6f231ff90, 0x000001c6f2320ec0, 0x000001c6f2324670, 0x000001c6f23218e0,
0x000001c6f231fa80, 0x000001c6f23209b0, 0x000001c6f231e640, 0x000001c6f23204a0,
0x000001c6f2323c50, 0x000001c6f2324160, 0x000001c6f231d710, 0x000001c6f2325090,
0x000001c6f231dc20, 0x000001c6f231f060, 0x000001c6ec786590, 0x000001c6f435dc10,
0x000001c6f4361de0, 0x000001c6f43622f0, 0x000001c6f435f050, 0x000001c6f43613c0,
0x000001c6f43618d0, 0x000001c6f4362800, 0x000001c6f435e120, 0x000001c6f43609a0,
0x000001c6f4363220, 0x000001c6f4365590, 0x000001c6f4363730, 0x000001c6f4362d10,
0x000001c6f4364660, 0x000001c6f4365080, 0x000001c6f4364150, 0x000001c6f4364b70,
0x000001c6f4360eb0, 0x000001c6f435e630, 0x000001c6f435f560, 0x000001c6f435fa70,
0x000001c6f435ff80, 0x000001c6f46f9cb0, 0x000001c6f46f6a10, 0x000001c6f46f97a0,
0x000001c6f46f55d0, 0x000001c6f46f6f20, 0x000001c6f46fa6d0, 0x000001c6f46f7940,
0x000001c6f46f5ae0, 0x000001c6f46f9290, 0x000001c6f46fb600, 0x000001c6f435eb40,
0x000001c6fc99e470, 0x000001c6fc99f3a0, 0x000001c6fc99f8b0, 0x000001c6fc99fdc0,
0x000001c6fc9a02d0, 0x000001c6fc9a07e0, 0x000001c6fc99d030, 0x000001c6fc99d540,
0x000001c6fc99df60, 0x000001c6fc99da50, 0x000001c6f231e130, 0x000001c6fb030090,
0x000001c6fb037500, 0x000001c6fb036ae0, 0x000001c6fb037a10, 0x000001c6fb033d50,
0x000001c6fb030ab0, 0x000001c6fb0319e0, 0x000001c6f5bd7030
}

Java Threads: ( => current thread )
  0x000001c6ce6c5520 JavaThread "main" [_thread_blocked, id=15180, stack(0x000000b98d500000,0x000000b98d600000)]
  0x000001c6ec2687e0 JavaThread "Reference Handler" daemon [_thread_blocked, id=14992, stack(0x000000b98dc00000,0x000000b98dd00000)]
  0x000001c6ec269b80 JavaThread "Finalizer" daemon [_thread_blocked, id=6936, stack(0x000000b98dd00000,0x000000b98de00000)]
  0x000001c6ec27f360 JavaThread "Signal Dispatcher" daemon [_thread_blocked, id=13012, stack(0x000000b98de00000,0x000000b98df00000)]
  0x000001c6ec281f00 JavaThread "Attach Listener" daemon [_thread_blocked, id=11124, stack(0x000000b98df00000,0x000000b98e000000)]
  0x000001c6ec2837e0 JavaThread "Service Thread" daemon [_thread_blocked, id=10332, stack(0x000000b98e000000,0x000000b98e100000)]
  0x000001c6ec2840b0 JavaThread "Monitor Deflation Thread" daemon [_thread_blocked, id=10128, stack(0x000000b98e100000,0x000000b98e200000)]
=>0x000001c6ec284d60 JavaThread "C2 CompilerThread0" daemon [_thread_in_native, id=6152, stack(0x000000b98e200000,0x000000b98e300000)]
  0x000001c6ec285720 JavaThread "C1 CompilerThread0" daemon [_thread_blocked, id=3692, stack(0x000000b98e300000,0x000000b98e400000)]
  0x000001c6ec2b1ce0 JavaThread "Sweeper thread" daemon [_thread_blocked, id=10028, stack(0x000000b98e400000,0x000000b98e500000)]
  0x000001c6ec2540b0 JavaThread "Common-Cleaner" daemon [_thread_blocked, id=16080, stack(0x000000b98e500000,0x000000b98e600000)]
  0x000001c6ec53a3c0 JavaThread "Notification Thread" daemon [_thread_blocked, id=15560, stack(0x000000b98e600000,0x000000b98e700000)]
  0x000001c6f1caff10 JavaThread "Daemon health stats" [_thread_blocked, id=10680, stack(0x000000b98ec00000,0x000000b98ed00000)]
  0x000001c6f29a5750 JavaThread "Incoming local TCP Connector on port 59624" [_thread_in_native, id=2068, stack(0x000000b98ed00000,0x000000b98ee00000)]
  0x000001c6f28e5df0 JavaThread "Daemon periodic checks" [_thread_blocked, id=5448, stack(0x000000b98ee00000,0x000000b98ef00000)]
  0x000001c6f1d8a660 JavaThread "Daemon" [_thread_blocked, id=9692, stack(0x000000b98ef00000,0x000000b98f000000)]
  0x000001c6f29a2360 JavaThread "Handler for socket connection from /127.0.0.1:59624 to /127.0.0.1:59626" [_thread_in_native, id=10640, stack(0x000000b98f000000,0x000000b98f100000)]
  0x000001c6ec785150 JavaThread "Cancel handler" [_thread_blocked, id=908, stack(0x000000b98f100000,0x000000b98f200000)]
  0x000001c6ec786080 JavaThread "Daemon worker" [_thread_blocked, id=8156, stack(0x000000b98f200000,0x000000b98f300000)]
  0x000001c6ec785660 JavaThread "Asynchronous log dispatcher for DefaultDaemonConnection: socket connection from /127.0.0.1:59624 to /127.0.0.1:59626" [_thread_blocked, id=12060, stack(0x000000b98f300000,0x000000b98f400000)]
  0x000001c6ec786aa0 JavaThread "Stdin handler" [_thread_blocked, id=8528, stack(0x000000b98f400000,0x000000b98f500000)]
  0x000001c6ec785b70 JavaThread "Daemon client event forwarder" [_thread_blocked, id=8796, stack(0x000000b98f500000,0x000000b98f600000)]
  0x000001c6f231f570 JavaThread "Cache worker for journal cache (C:\Users\SOC SOLUTION\.gradle\caches\journal-1)" [_thread_blocked, id=1780, stack(0x000000b98ea00000,0x000000b98eb00000)]
  0x000001c6f2323740 JavaThread "File lock request listener" [_thread_in_native, id=13040, stack(0x000000b98f600000,0x000000b98f700000)]
  0x000001c6f2322810 JavaThread "Cache worker for file hash cache (C:\Users\SOC SOLUTION\.gradle\caches\8.3\fileHashes)" [_thread_blocked, id=10848, stack(0x000000b98f700000,0x000000b98f800000)]
  0x000001c6f2322d20 JavaThread "File watcher server" daemon [_thread_in_native, id=4560, stack(0x000000b98f900000,0x000000b98fa00000)]
  0x000001c6f2323230 JavaThread "File watcher consumer" daemon [_thread_blocked, id=2388, stack(0x000000b98fa00000,0x000000b98fb00000)]
  0x000001c6f2324b80 JavaThread "Cache worker for checksums cache (E:\A SOC 2024\react-native\wave\WAVE_FRONTEND\android\.gradle\8.3\checksums)" [_thread_blocked, id=12012, stack(0x000000b98f800000,0x000000b98f900000)]
  0x000001c6f231ff90 JavaThread "Cache worker for file hash cache (E:\A SOC 2024\react-native\wave\WAVE_FRONTEND\android\.gradle\8.3\fileHashes)" [_thread_blocked, id=7996, stack(0x000000b98fb00000,0x000000b98fc00000)]
  0x000001c6f2320ec0 JavaThread "Cache worker for cache directory md-supplier (C:\Users\SOC SOLUTION\.gradle\caches\8.3\md-supplier)" [_thread_blocked, id=7072, stack(0x000000b98fc00000,0x000000b98fd00000)]
  0x000001c6f2324670 JavaThread "Cache worker for file content cache (C:\Users\SOC SOLUTION\.gradle\caches\8.3\fileContent)" [_thread_blocked, id=7408, stack(0x000000b98fd00000,0x000000b98fe00000)]
  0x000001c6f23218e0 JavaThread "Cache worker for cache directory md-rule (C:\Users\SOC SOLUTION\.gradle\caches\8.3\md-rule)" [_thread_blocked, id=6568, stack(0x000000b990000000,0x000000b990100000)]
  0x000001c6f231fa80 JavaThread "Cache worker for execution history cache (C:\Users\SOC SOLUTION\.gradle\caches\8.3\executionHistory)" [_thread_blocked, id=11876, stack(0x000000b990100000,0x000000b990200000)]
  0x000001c6f23209b0 JavaThread "jar transforms" [_thread_blocked, id=2964, stack(0x000000b990300000,0x000000b990400000)]
  0x000001c6f231e640 JavaThread "jar transforms Thread 2" [_thread_blocked, id=7420, stack(0x000000b990400000,0x000000b990500000)]
  0x000001c6f23204a0 JavaThread "jar transforms Thread 3" [_thread_blocked, id=1624, stack(0x000000b990500000,0x000000b990600000)]
  0x000001c6f2323c50 JavaThread "jar transforms Thread 4" [_thread_blocked, id=9452, stack(0x000000b990600000,0x000000b990700000)]
  0x000001c6f2324160 JavaThread "Cache worker for kotlin-dsl (C:\Users\SOC SOLUTION\.gradle\caches\8.3\kotlin-dsl)" [_thread_blocked, id=10860, stack(0x000000b990700000,0x000000b990800000)]
  0x000001c6f231d710 JavaThread "Unconstrained build operations" [_thread_in_vm, id=13972, stack(0x000000b990200000,0x000000b990300000)]
  0x000001c6f2325090 JavaThread "Unconstrained build operations Thread 2" [_thread_blocked, id=12052, stack(0x000000b990800000,0x000000b990900000)]
  0x000001c6f231dc20 JavaThread "Cache worker for dependencies-accessors (E:\A SOC 2024\react-native\wave\WAVE_FRONTEND\android\.gradle\8.3\dependencies-accessors)" [_thread_blocked, id=8416, stack(0x000000b990a00000,0x000000b990b00000)]
  0x000001c6f231f060 JavaThread "Cache worker for Build Output Cleanup Cache (E:\A SOC 2024\react-native\wave\WAVE_FRONTEND\node_modules\@react-native\gradle-plugin\.gradle\buildOutputCleanup)" [_thread_blocked, id=7620, stack(0x000000b990b00000,0x000000b990c00000)]
  0x000001c6ec786590 JavaThread "Unconstrained build operations Thread 3" [_thread_blocked, id=1296, stack(0x000000b990c00000,0x000000b990d00000)]
  0x000001c6f435dc10 JavaThread "Unconstrained build operations Thread 4" [_thread_blocked, id=10592, stack(0x000000b990d00000,0x000000b990e00000)]
  0x000001c6f4361de0 JavaThread "Unconstrained build operations Thread 5" [_thread_blocked, id=12564, stack(0x000000b990e00000,0x000000b990f00000)]
  0x000001c6f43622f0 JavaThread "Memory manager" [_thread_blocked, id=12788, stack(0x000000b990f00000,0x000000b991000000)]
  0x000001c6f435f050 JavaThread "Cache worker for Build Output Cleanup Cache (E:\A SOC 2024\react-native\wave\WAVE_FRONTEND\android\.gradle\buildOutputCleanup)" [_thread_blocked, id=12116, stack(0x000000b991000000,0x000000b991100000)]
  0x000001c6f43613c0 JavaThread "ForkJoinPool.commonPool-worker-1" daemon [_thread_blocked, id=8340, stack(0x000000b991100000,0x000000b991200000)]
  0x000001c6f43618d0 JavaThread "ForkJoinPool.commonPool-worker-2" daemon [_thread_blocked, id=972, stack(0x000000b991200000,0x000000b991300000)]
  0x000001c6f4362800 JavaThread "ForkJoinPool.commonPool-worker-3" daemon [_thread_blocked, id=12404, stack(0x000000b991300000,0x000000b991400000)]
  0x000001c6f435e120 JavaThread "Exec process" [_thread_blocked, id=3604, stack(0x000000b991400000,0x000000b991500000)]
  0x000001c6f43609a0 JavaThread "Exec process Thread 2" [_thread_blocked, id=8336, stack(0x000000b991500000,0x000000b991600000)]
  0x000001c6f4363220 JavaThread "Exec process Thread 3" [_thread_blocked, id=2168, stack(0x000000b991600000,0x000000b991700000)]
  0x000001c6f4365590 JavaThread "included builds" [_thread_blocked, id=14024, stack(0x000000b991700000,0x000000b991800000)]
  0x000001c6f4363730 JavaThread "Execution worker" [_thread_blocked, id=5656, stack(0x000000b991800000,0x000000b991900000)]
  0x000001c6f4362d10 JavaThread "Execution worker Thread 2" [_thread_blocked, id=7244, stack(0x000000b991900000,0x000000b991a00000)]
  0x000001c6f4364660 JavaThread "Execution worker Thread 3" [_thread_blocked, id=13584, stack(0x000000b991a00000,0x000000b991b00000)]
  0x000001c6f4365080 JavaThread "Cache worker for execution history cache (E:\A SOC 2024\react-native\wave\WAVE_FRONTEND\node_modules\@react-native\gradle-plugin\.gradle\8.3\executionHistory)" [_thread_blocked, id=136, stack(0x000000b991b00000,0x000000b991c00000)]
  0x000001c6f4364150 JavaThread "Unconstrained build operations Thread 6" [_thread_blocked, id=15336, stack(0x000000b991c00000,0x000000b991d00000)]
  0x000001c6f4364b70 JavaThread "Unconstrained build operations Thread 7" [_thread_blocked, id=1320, stack(0x000000b991d00000,0x000000b991e00000)]
  0x000001c6f4360eb0 JavaThread "Unconstrained build operations Thread 8" [_thread_blocked, id=11724, stack(0x000000b991e00000,0x000000b991f00000)]
  0x000001c6f435e630 JavaThread "Unconstrained build operations Thread 9" [_thread_blocked, id=6012, stack(0x000000b991f00000,0x000000b992000000)]
  0x000001c6f435f560 JavaThread "Unconstrained build operations Thread 10" [_thread_blocked, id=744, stack(0x000000b992000000,0x000000b992100000)]
  0x000001c6f435fa70 JavaThread "Unconstrained build operations Thread 11" [_thread_blocked, id=10080, stack(0x000000b992100000,0x000000b992200000)]
  0x000001c6f435ff80 JavaThread "Unconstrained build operations Thread 12" [_thread_blocked, id=14364, stack(0x000000b992200000,0x000000b992300000)]
  0x000001c6f46f9cb0 JavaThread "Unconstrained build operations Thread 13" [_thread_blocked, id=15204, stack(0x000000b992300000,0x000000b992400000)]
  0x000001c6f46f6a10 JavaThread "Unconstrained build operations Thread 14" [_thread_blocked, id=2760, stack(0x000000b992600000,0x000000b992700000)]
  0x000001c6f46f97a0 JavaThread "Unconstrained build operations Thread 15" [_thread_blocked, id=9748, stack(0x000000b992700000,0x000000b992800000)]
  0x000001c6f46f55d0 JavaThread "Unconstrained build operations Thread 16" [_thread_blocked, id=14376, stack(0x000000b992800000,0x000000b992900000)]
  0x000001c6f46f6f20 JavaThread "Unconstrained build operations Thread 17" [_thread_blocked, id=14592, stack(0x000000b992900000,0x000000b992a00000)]
  0x000001c6f46fa6d0 JavaThread "Unconstrained build operations Thread 18" [_thread_blocked, id=15944, stack(0x000000b992a00000,0x000000b992b00000)]
  0x000001c6f46f7940 JavaThread "Unconstrained build operations Thread 19" [_thread_blocked, id=9296, stack(0x000000b992b00000,0x000000b992c00000)]
  0x000001c6f46f5ae0 JavaThread "Unconstrained build operations Thread 20" [_thread_blocked, id=11824, stack(0x000000b992c00000,0x000000b992d00000)]
  0x000001c6f46f9290 JavaThread "Unconstrained build operations Thread 21" [_thread_blocked, id=14612, stack(0x000000b992d00000,0x000000b992e00000)]
  0x000001c6f46fb600 JavaThread "Unconstrained build operations Thread 22" [_thread_blocked, id=8404, stack(0x000000b992e00000,0x000000b992f00000)]
  0x000001c6f435eb40 JavaThread "Unconstrained build operations Thread 23" [_thread_blocked, id=15960, stack(0x000000b992f00000,0x000000b993000000)]
  0x000001c6fc99e470 JavaThread "Unconstrained build operations Thread 24" [_thread_blocked, id=9508, stack(0x000000b993000000,0x000000b993100000)]
  0x000001c6fc99f3a0 JavaThread "Unconstrained build operations Thread 25" [_thread_blocked, id=6520, stack(0x000000b993100000,0x000000b993200000)]
  0x000001c6fc99f8b0 JavaThread "Unconstrained build operations Thread 26" [_thread_blocked, id=14480, stack(0x000000b993200000,0x000000b993300000)]
  0x000001c6fc99fdc0 JavaThread "Unconstrained build operations Thread 27" [_thread_blocked, id=9588, stack(0x000000b993300000,0x000000b993400000)]
  0x000001c6fc9a02d0 JavaThread "Unconstrained build operations Thread 28" [_thread_blocked, id=10692, stack(0x000000b993400000,0x000000b993500000)]
  0x000001c6fc9a07e0 JavaThread "Unconstrained build operations Thread 29" [_thread_blocked, id=720, stack(0x000000b993500000,0x000000b993600000)]
  0x000001c6fc99d030 JavaThread "Unconstrained build operations Thread 30" [_thread_blocked, id=9884, stack(0x000000b993600000,0x000000b993700000)]
  0x000001c6fc99d540 JavaThread "Unconstrained build operations Thread 31" [_thread_blocked, id=3220, stack(0x000000b993700000,0x000000b993800000)]
  0x000001c6fc99df60 JavaThread "Unconstrained build operations Thread 32" [_thread_blocked, id=4292, stack(0x000000b993800000,0x000000b993900000)]
  0x000001c6fc99da50 JavaThread "Unconstrained build operations Thread 33" [_thread_blocked, id=8776, stack(0x000000b993900000,0x000000b993a00000)]
  0x000001c6f231e130 JavaThread "Unconstrained build operations Thread 34" [_thread_blocked, id=2204, stack(0x000000b993a00000,0x000000b993b00000)]
  0x000001c6fb030090 JavaThread "Unconstrained build operations Thread 35" [_thread_blocked, id=9048, stack(0x000000b993b00000,0x000000b993c00000)]
  0x000001c6fb037500 JavaThread "Unconstrained build operations Thread 36" [_thread_blocked, id=13780, stack(0x000000b993c00000,0x000000b993d00000)]
  0x000001c6fb036ae0 JavaThread "Unconstrained build operations Thread 37" [_thread_blocked, id=11636, stack(0x000000b993d00000,0x000000b993e00000)]
  0x000001c6fb037a10 JavaThread "Unconstrained build operations Thread 38" [_thread_blocked, id=6116, stack(0x000000b993e00000,0x000000b993f00000)]
  0x000001c6fb033d50 JavaThread "Unconstrained build operations Thread 39" [_thread_blocked, id=15824, stack(0x000000b993f00000,0x000000b994000000)]
  0x000001c6fb030ab0 JavaThread "Unconstrained build operations Thread 40" [_thread_blocked, id=13320, stack(0x000000b994000000,0x000000b994100000)]
  0x000001c6fb0319e0 JavaThread "Cache worker for execution history cache (E:\A SOC 2024\react-native\wave\WAVE_FRONTEND\android\.gradle\8.3\executionHistory)" [_thread_blocked, id=2272, stack(0x000000b994100000,0x000000b994200000)]
  0x000001c6f5bd7030 JavaThread "C2 CompilerThread1" daemon [_thread_in_native, id=14416, stack(0x000000b990900000,0x000000b990a00000)]

Other Threads:
  0x000001c6ec264400 VMThread "VM Thread" [stack: 0x000000b98db00000,0x000000b98dc00000] [id=12848]
  0x000001c6ce73ba10 WatcherThread [stack: 0x000000b98e700000,0x000000b98e800000] [id=9256]
  0x000001c6ce71f920 GCTaskThread "GC Thread#0" [stack: 0x000000b98d600000,0x000000b98d700000] [id=13632]
  0x000001c6ec6271d0 GCTaskThread "GC Thread#1" [stack: 0x000000b98e800000,0x000000b98e900000] [id=5740]
  0x000001c6ec701a40 GCTaskThread "GC Thread#2" [stack: 0x000000b98e900000,0x000000b98ea00000] [id=12436]
  0x000001c6ece482f0 GCTaskThread "GC Thread#3" [stack: 0x000000b98eb00000,0x000000b98ec00000] [id=14360]
  0x000001c6ce730780 ConcurrentGCThread "G1 Main Marker" [stack: 0x000000b98d700000,0x000000b98d800000] [id=15868]
  0x000001c6ce7310a0 ConcurrentGCThread "G1 Conc#0" [stack: 0x000000b98d800000,0x000000b98d900000] [id=13156]
  0x000001c6ec1220c0 ConcurrentGCThread "G1 Refine#0" [stack: 0x000000b98d900000,0x000000b98da00000] [id=10464]
  0x000001c6f2a6f060 ConcurrentGCThread "G1 Refine#1" [stack: 0x000000b98fe00000,0x000000b98ff00000] [id=3396]
  0x000001c6f2a6f350 ConcurrentGCThread "G1 Refine#2" [stack: 0x000000b98ff00000,0x000000b990000000] [id=2208]
  0x000001c6ec122a00 ConcurrentGCThread "G1 Service" [stack: 0x000000b98da00000,0x000000b98db00000] [id=11216]

Threads with active compile tasks:
C2 CompilerThread0    50526 14887   !   4       org.gradle.cache.internal.DefaultMultiProcessSafeIndexedCache::getIfPresent (25 bytes)
C2 CompilerThread1    50526 14905   !   4       com.google.common.cache.LocalCache$Segment::lockedGetOrLoad (447 bytes)

VM state: not at safepoint (normal execution)

VM Mutex/Monitor currently owned by a thread: None

Heap address: 0x0000000080000000, size: 2048 MB, Compressed Oops mode: 32-bit

CDS archive(s) mapped at: [0x000001c680000000-0x000001c680bd0000-0x000001c680bd0000), size 12386304, SharedBaseAddress: 0x000001c680000000, ArchiveRelocationMode: 1.
Compressed class space mapped at: 0x000001c681000000-0x000001c69b000000, reserved size: 436207616
Narrow klass base: 0x000001c680000000, Narrow klass shift: 0, Narrow klass range: 0x100000000

GC Precious Log:
 CPUs: 4 total, 4 available
 Memory: 8080M
 Large Page Support: Disabled
 NUMA Support: Disabled
 Compressed Oops: Enabled (32-bit)
 Heap Region Size: 1M
 Heap Min Capacity: 8M
 Heap Initial Capacity: 128M
 Heap Max Capacity: 2G
 Pre-touch: Disabled
 Parallel Workers: 4
 Concurrent Workers: 1
 Concurrent Refinement Workers: 4
 Periodic GC: Disabled

Heap:
 garbage-first heap   total 227328K, used 167511K [0x0000000080000000, 0x0000000100000000)
  region size 1024K, 10 young (10240K), 5 survivors (5120K)
 Metaspace       used 98766K, committed 99840K, reserved 557056K
  class space    used 13811K, committed 14336K, reserved 425984K

Heap Regions: E=young(eden), S=young(survivor), O=old, HS=humongous(starts), HC=humongous(continues), CS=collection set, F=free, OA=open archive, CA=closed archive, TAMS=top-at-mark-start (previous, next)
|   0|0x0000000080000000, 0x0000000080100000, 0x0000000080100000|100%| O|  |TAMS 0x0000000080100000, 0x0000000080000000| Untracked 
|   1|0x0000000080100000, 0x0000000080200000, 0x0000000080200000|100%| O|  |TAMS 0x0000000080200000, 0x0000000080100000| Untracked 
|   2|0x0000000080200000, 0x0000000080300000, 0x0000000080300000|100%|HS|  |TAMS 0x0000000080300000, 0x0000000080200000| Complete 
|   3|0x0000000080300000, 0x0000000080400000, 0x0000000080400000|100%|HC|  |TAMS 0x0000000080400000, 0x0000000080300000| Complete 
|   4|0x0000000080400000, 0x0000000080500000, 0x0000000080500000|100%|HC|  |TAMS 0x0000000080500000, 0x0000000080400000| Complete 
|   5|0x0000000080500000, 0x0000000080600000, 0x0000000080600000|100%|HC|  |TAMS 0x0000000080600000, 0x0000000080500000| Complete 
|   6|0x0000000080600000, 0x0000000080700000, 0x0000000080700000|100%| O|  |TAMS 0x0000000080700000, 0x0000000080600000| Untracked 
|   7|0x0000000080700000, 0x0000000080800000, 0x0000000080800000|100%| O|  |TAMS 0x0000000080800000, 0x0000000080700000| Untracked 
|   8|0x0000000080800000, 0x0000000080900000, 0x0000000080900000|100%| O|  |TAMS 0x0000000080900000, 0x0000000080800000| Untracked 
|   9|0x0000000080900000, 0x0000000080a00000, 0x0000000080a00000|100%| O|  |TAMS 0x0000000080a00000, 0x0000000080900000| Untracked 
|  10|0x0000000080a00000, 0x0000000080b00000, 0x0000000080b00000|100%| O|  |TAMS 0x0000000080b00000, 0x0000000080a00000| Untracked 
|  11|0x0000000080b00000, 0x0000000080c00000, 0x0000000080c00000|100%| O|  |TAMS 0x0000000080c00000, 0x0000000080b00000| Untracked 
|  12|0x0000000080c00000, 0x0000000080d00000, 0x0000000080d00000|100%| O|  |TAMS 0x0000000080d00000, 0x0000000080c00000| Untracked 
|  13|0x0000000080d00000, 0x0000000080e00000, 0x0000000080e00000|100%| O|  |TAMS 0x0000000080e00000, 0x0000000080d00000| Untracked 
|  14|0x0000000080e00000, 0x0000000080f00000, 0x0000000080f00000|100%| O|  |TAMS 0x0000000080f00000, 0x0000000080e00000| Untracked 
|  15|0x0000000080f00000, 0x0000000081000000, 0x0000000081000000|100%| O|  |TAMS 0x0000000081000000, 0x0000000080f00000| Untracked 
|  16|0x0000000081000000, 0x0000000081100000, 0x0000000081100000|100%| O|  |TAMS 0x0000000081100000, 0x0000000081000000| Untracked 
|  17|0x0000000081100000, 0x0000000081200000, 0x0000000081200000|100%| O|  |TAMS 0x0000000081200000, 0x0000000081100000| Untracked 
|  18|0x0000000081200000, 0x0000000081300000, 0x0000000081300000|100%| O|  |TAMS 0x0000000081300000, 0x0000000081200000| Untracked 
|  19|0x0000000081300000, 0x00000000813f2c00, 0x0000000081400000| 94%| O|  |TAMS 0x00000000813f2c00, 0x0000000081300000| Untracked 
|  20|0x0000000081400000, 0x0000000081500000, 0x0000000081500000|100%| O|  |TAMS 0x0000000081500000, 0x0000000081400000| Untracked 
|  21|0x0000000081500000, 0x0000000081600000, 0x0000000081600000|100%| O|  |TAMS 0x0000000081600000, 0x0000000081500000| Untracked 
|  22|0x0000000081600000, 0x0000000081700000, 0x0000000081700000|100%| O|  |TAMS 0x0000000081700000, 0x0000000081600000| Untracked 
|  23|0x0000000081700000, 0x0000000081800000, 0x0000000081800000|100%| O|  |TAMS 0x0000000081800000, 0x0000000081700000| Untracked 
|  24|0x0000000081800000, 0x0000000081900000, 0x0000000081900000|100%| O|  |TAMS 0x0000000081900000, 0x0000000081800000| Untracked 
|  25|0x0000000081900000, 0x0000000081a00000, 0x0000000081a00000|100%| O|  |TAMS 0x0000000081a00000, 0x0000000081900000| Untracked 
|  26|0x0000000081a00000, 0x0000000081b00000, 0x0000000081b00000|100%| O|  |TAMS 0x0000000081b00000, 0x0000000081a00000| Untracked 
|  27|0x0000000081b00000, 0x0000000081c00000, 0x0000000081c00000|100%| O|  |TAMS 0x0000000081c00000, 0x0000000081b00000| Untracked 
|  28|0x0000000081c00000, 0x0000000081d00000, 0x0000000081d00000|100%| O|  |TAMS 0x0000000081d00000, 0x0000000081c00000| Untracked 
|  29|0x0000000081d00000, 0x0000000081e00000, 0x0000000081e00000|100%|HS|  |TAMS 0x0000000081e00000, 0x0000000081d00000| Complete 
|  30|0x0000000081e00000, 0x0000000081f00000, 0x0000000081f00000|100%|HC|  |TAMS 0x0000000081f00000, 0x0000000081e00000| Complete 
|  31|0x0000000081f00000, 0x0000000082000000, 0x0000000082000000|100%| O|  |TAMS 0x0000000082000000, 0x0000000081f00000| Untracked 
|  32|0x0000000082000000, 0x0000000082100000, 0x0000000082100000|100%| O|  |TAMS 0x0000000082100000, 0x0000000082000000| Untracked 
|  33|0x0000000082100000, 0x0000000082200000, 0x0000000082200000|100%| O|  |TAMS 0x0000000082200000, 0x0000000082100000| Untracked 
|  34|0x0000000082200000, 0x0000000082300000, 0x0000000082300000|100%| O|  |TAMS 0x0000000082300000, 0x0000000082200000| Untracked 
|  35|0x0000000082300000, 0x0000000082400000, 0x0000000082400000|100%| O|  |TAMS 0x0000000082400000, 0x0000000082300000| Untracked 
|  36|0x0000000082400000, 0x0000000082500000, 0x0000000082500000|100%| O|  |TAMS 0x0000000082500000, 0x0000000082400000| Untracked 
|  37|0x0000000082500000, 0x0000000082600000, 0x0000000082600000|100%|HS|  |TAMS 0x0000000082600000, 0x0000000082500000| Complete 
|  38|0x0000000082600000, 0x0000000082700000, 0x0000000082700000|100%|HC|  |TAMS 0x0000000082700000, 0x0000000082600000| Complete 
|  39|0x0000000082700000, 0x0000000082800000, 0x0000000082800000|100%|HS|  |TAMS 0x0000000082800000, 0x0000000082700000| Complete 
|  40|0x0000000082800000, 0x0000000082900000, 0x0000000082900000|100%|HC|  |TAMS 0x0000000082900000, 0x0000000082800000| Complete 
|  41|0x0000000082900000, 0x0000000082a00000, 0x0000000082a00000|100%|HC|  |TAMS 0x0000000082a00000, 0x0000000082900000| Complete 
|  42|0x0000000082a00000, 0x0000000082b00000, 0x0000000082b00000|100%|HC|  |TAMS 0x0000000082b00000, 0x0000000082a00000| Complete 
|  43|0x0000000082b00000, 0x0000000082c00000, 0x0000000082c00000|100%| O|  |TAMS 0x0000000082c00000, 0x0000000082b00000| Untracked 
|  44|0x0000000082c00000, 0x0000000082d00000, 0x0000000082d00000|100%| O|  |TAMS 0x0000000082d00000, 0x0000000082c00000| Untracked 
|  45|0x0000000082d00000, 0x0000000082e00000, 0x0000000082e00000|100%| O|  |TAMS 0x0000000082e00000, 0x0000000082d00000| Untracked 
|  46|0x0000000082e00000, 0x0000000082f00000, 0x0000000082f00000|100%| O|  |TAMS 0x0000000082f00000, 0x0000000082e00000| Untracked 
|  47|0x0000000082f00000, 0x0000000083000000, 0x0000000083000000|100%|HS|  |TAMS 0x0000000083000000, 0x0000000082f00000| Complete 
|  48|0x0000000083000000, 0x0000000083100000, 0x0000000083100000|100%|HC|  |TAMS 0x0000000083100000, 0x0000000083000000| Complete 
|  49|0x0000000083100000, 0x0000000083200000, 0x0000000083200000|100%|HC|  |TAMS 0x0000000083200000, 0x0000000083100000| Complete 
|  50|0x0000000083200000, 0x0000000083300000, 0x0000000083300000|100%|HC|  |TAMS 0x0000000083300000, 0x0000000083200000| Complete 
|  51|0x0000000083300000, 0x0000000083400000, 0x0000000083400000|100%| O|  |TAMS 0x0000000083400000, 0x0000000083300000| Untracked 
|  52|0x0000000083400000, 0x0000000083500000, 0x0000000083500000|100%| O|  |TAMS 0x0000000083500000, 0x0000000083400000| Untracked 
|  53|0x0000000083500000, 0x0000000083600000, 0x0000000083600000|100%| O|  |TAMS 0x0000000083600000, 0x0000000083500000| Untracked 
|  54|0x0000000083600000, 0x0000000083700000, 0x0000000083700000|100%| O|  |TAMS 0x0000000083700000, 0x0000000083600000| Untracked 
|  55|0x0000000083700000, 0x0000000083800000, 0x0000000083800000|100%| O|  |TAMS 0x0000000083800000, 0x0000000083700000| Untracked 
|  56|0x0000000083800000, 0x0000000083900000, 0x0000000083900000|100%| O|  |TAMS 0x0000000083900000, 0x0000000083800000| Untracked 
|  57|0x0000000083900000, 0x0000000083a00000, 0x0000000083a00000|100%| O|  |TAMS 0x0000000083a00000, 0x0000000083900000| Untracked 
|  58|0x0000000083a00000, 0x0000000083b00000, 0x0000000083b00000|100%| O|  |TAMS 0x0000000083b00000, 0x0000000083a00000| Untracked 
|  59|0x0000000083b00000, 0x0000000083c00000, 0x0000000083c00000|100%| O|  |TAMS 0x0000000083c00000, 0x0000000083b00000| Untracked 
|  60|0x0000000083c00000, 0x0000000083d00000, 0x0000000083d00000|100%| O|  |TAMS 0x0000000083d00000, 0x0000000083c00000| Untracked 
|  61|0x0000000083d00000, 0x0000000083e00000, 0x0000000083e00000|100%| O|  |TAMS 0x0000000083e00000, 0x0000000083d00000| Untracked 
|  62|0x0000000083e00000, 0x0000000083f00000, 0x0000000083f00000|100%| O|  |TAMS 0x0000000083f00000, 0x0000000083e00000| Untracked 
|  63|0x0000000083f00000, 0x0000000084000000, 0x0000000084000000|100%|HS|  |TAMS 0x0000000084000000, 0x0000000083f00000| Complete 
|  64|0x0000000084000000, 0x0000000084100000, 0x0000000084100000|100%|HS|  |TAMS 0x0000000084100000, 0x0000000084000000| Complete 
|  65|0x0000000084100000, 0x0000000084200000, 0x0000000084200000|100%|HS|  |TAMS 0x0000000084200000, 0x0000000084100000| Complete 
|  66|0x0000000084200000, 0x0000000084300000, 0x0000000084300000|100%| O|  |TAMS 0x0000000084300000, 0x0000000084200000| Untracked 
|  67|0x0000000084300000, 0x0000000084400000, 0x0000000084400000|100%|HS|  |TAMS 0x0000000084400000, 0x0000000084300000| Complete 
|  68|0x0000000084400000, 0x0000000084500000, 0x0000000084500000|100%| O|  |TAMS 0x0000000084500000, 0x0000000084400000| Untracked 
|  69|0x0000000084500000, 0x0000000084600000, 0x0000000084600000|100%| O|  |TAMS 0x0000000084600000, 0x0000000084500000| Untracked 
|  70|0x0000000084600000, 0x0000000084700000, 0x0000000084700000|100%| O|  |TAMS 0x0000000084700000, 0x0000000084600000| Untracked 
|  71|0x0000000084700000, 0x0000000084800000, 0x0000000084800000|100%| O|  |TAMS 0x0000000084800000, 0x0000000084700000| Untracked 
|  72|0x0000000084800000, 0x0000000084900000, 0x0000000084900000|100%| O|  |TAMS 0x0000000084900000, 0x0000000084800000| Untracked 
|  73|0x0000000084900000, 0x0000000084a00000, 0x0000000084a00000|100%| O|  |TAMS 0x0000000084a00000, 0x0000000084900000| Untracked 
|  74|0x0000000084a00000, 0x0000000084b00000, 0x0000000084b00000|100%| O|  |TAMS 0x0000000084b00000, 0x0000000084a00000| Untracked 
|  75|0x0000000084b00000, 0x0000000084c00000, 0x0000000084c00000|100%| O|  |TAMS 0x0000000084c00000, 0x0000000084b00000| Untracked 
|  76|0x0000000084c00000, 0x0000000084d00000, 0x0000000084d00000|100%| O|  |TAMS 0x0000000084d00000, 0x0000000084c00000| Untracked 
|  77|0x0000000084d00000, 0x0000000084e00000, 0x0000000084e00000|100%| O|  |TAMS 0x0000000084e00000, 0x0000000084d00000| Untracked 
|  78|0x0000000084e00000, 0x0000000084f00000, 0x0000000084f00000|100%| O|  |TAMS 0x0000000084f00000, 0x0000000084e00000| Untracked 
|  79|0x0000000084f00000, 0x0000000085000000, 0x0000000085000000|100%| O|  |TAMS 0x0000000085000000, 0x0000000084f00000| Untracked 
|  80|0x0000000085000000, 0x0000000085100000, 0x0000000085100000|100%| O|  |TAMS 0x0000000085100000, 0x0000000085000000| Untracked 
|  81|0x0000000085100000, 0x0000000085200000, 0x0000000085200000|100%| O|  |TAMS 0x0000000085200000, 0x0000000085100000| Untracked 
|  82|0x0000000085200000, 0x0000000085300000, 0x0000000085300000|100%| O|  |TAMS 0x0000000085300000, 0x0000000085200000| Untracked 
|  83|0x0000000085300000, 0x0000000085400000, 0x0000000085400000|100%| O|  |TAMS 0x0000000085400000, 0x0000000085300000| Untracked 
|  84|0x0000000085400000, 0x0000000085500000, 0x0000000085500000|100%| O|  |TAMS 0x0000000085500000, 0x0000000085400000| Untracked 
|  85|0x0000000085500000, 0x0000000085600000, 0x0000000085600000|100%| O|  |TAMS 0x0000000085600000, 0x0000000085500000| Untracked 
|  86|0x0000000085600000, 0x0000000085700000, 0x0000000085700000|100%| O|  |TAMS 0x0000000085700000, 0x0000000085600000| Untracked 
|  87|0x0000000085700000, 0x0000000085800000, 0x0000000085800000|100%| O|  |TAMS 0x0000000085800000, 0x0000000085700000| Untracked 
|  88|0x0000000085800000, 0x0000000085900000, 0x0000000085900000|100%| O|  |TAMS 0x0000000085900000, 0x0000000085800000| Untracked 
|  89|0x0000000085900000, 0x0000000085a00000, 0x0000000085a00000|100%|HS|  |TAMS 0x0000000085a00000, 0x0000000085900000| Complete 
|  90|0x0000000085a00000, 0x0000000085b00000, 0x0000000085b00000|100%|HC|  |TAMS 0x0000000085b00000, 0x0000000085a00000| Complete 
|  91|0x0000000085b00000, 0x0000000085c00000, 0x0000000085c00000|100%|HC|  |TAMS 0x0000000085c00000, 0x0000000085b00000| Complete 
|  92|0x0000000085c00000, 0x0000000085d00000, 0x0000000085d00000|100%|HS|  |TAMS 0x0000000085d00000, 0x0000000085c00000| Complete 
|  93|0x0000000085d00000, 0x0000000085e00000, 0x0000000085e00000|100%|HC|  |TAMS 0x0000000085e00000, 0x0000000085d00000| Complete 
|  94|0x0000000085e00000, 0x0000000085f00000, 0x0000000085f00000|100%|HS|  |TAMS 0x0000000085f00000, 0x0000000085e00000| Complete 
|  95|0x0000000085f00000, 0x0000000086000000, 0x0000000086000000|100%| O|  |TAMS 0x0000000086000000, 0x0000000085f00000| Untracked 
|  96|0x0000000086000000, 0x0000000086100000, 0x0000000086100000|100%| O|  |TAMS 0x0000000086100000, 0x0000000086000000| Untracked 
|  97|0x0000000086100000, 0x0000000086200000, 0x0000000086200000|100%| O|  |TAMS 0x0000000086200000, 0x0000000086100000| Untracked 
|  98|0x0000000086200000, 0x0000000086300000, 0x0000000086300000|100%| O|  |TAMS 0x0000000086300000, 0x0000000086200000| Untracked 
|  99|0x0000000086300000, 0x0000000086400000, 0x0000000086400000|100%| O|  |TAMS 0x0000000086400000, 0x0000000086300000| Untracked 
| 100|0x0000000086400000, 0x0000000086500000, 0x0000000086500000|100%| O|  |TAMS 0x0000000086500000, 0x0000000086400000| Untracked 
| 101|0x0000000086500000, 0x0000000086600000, 0x0000000086600000|100%| O|  |TAMS 0x0000000086600000, 0x0000000086500000| Untracked 
| 102|0x0000000086600000, 0x0000000086700000, 0x0000000086700000|100%| O|  |TAMS 0x0000000086700000, 0x0000000086600000| Untracked 
| 103|0x0000000086700000, 0x0000000086800000, 0x0000000086800000|100%| O|  |TAMS 0x0000000086800000, 0x0000000086700000| Untracked 
| 104|0x0000000086800000, 0x0000000086900000, 0x0000000086900000|100%| O|  |TAMS 0x0000000086900000, 0x0000000086800000| Untracked 
| 105|0x0000000086900000, 0x0000000086a00000, 0x0000000086a00000|100%| O|  |TAMS 0x0000000086a00000, 0x0000000086900000| Untracked 
| 106|0x0000000086a00000, 0x0000000086b00000, 0x0000000086b00000|100%| O|  |TAMS 0x0000000086b00000, 0x0000000086a00000| Untracked 
| 107|0x0000000086b00000, 0x0000000086c00000, 0x0000000086c00000|100%| O|  |TAMS 0x0000000086c00000, 0x0000000086b00000| Untracked 
| 108|0x0000000086c00000, 0x0000000086d00000, 0x0000000086d00000|100%| O|  |TAMS 0x0000000086ca4400, 0x0000000086c00000| Untracked 
| 109|0x0000000086d00000, 0x0000000086e00000, 0x0000000086e00000|100%|HS|  |TAMS 0x0000000086e00000, 0x0000000086d00000| Complete 
| 110|0x0000000086e00000, 0x0000000086f00000, 0x0000000086f00000|100%|HC|  |TAMS 0x0000000086f00000, 0x0000000086e00000| Complete 
| 111|0x0000000086f00000, 0x0000000087000000, 0x0000000087000000|100%| O|  |TAMS 0x0000000086f00000, 0x0000000086f00000| Untracked 
| 112|0x0000000087000000, 0x0000000087100000, 0x0000000087100000|100%| O|  |TAMS 0x0000000087000000, 0x0000000087000000| Untracked 
| 113|0x0000000087100000, 0x0000000087200000, 0x0000000087200000|100%| O|  |TAMS 0x0000000087100000, 0x0000000087100000| Untracked 
| 114|0x0000000087200000, 0x0000000087300000, 0x0000000087300000|100%| O|  |TAMS 0x0000000087200000, 0x0000000087200000| Untracked 
| 115|0x0000000087300000, 0x0000000087400000, 0x0000000087400000|100%| O|  |TAMS 0x0000000087300000, 0x0000000087300000| Untracked 
| 116|0x0000000087400000, 0x0000000087500000, 0x0000000087500000|100%| O|  |TAMS 0x0000000087400000, 0x0000000087400000| Untracked 
| 117|0x0000000087500000, 0x0000000087600000, 0x0000000087600000|100%| O|  |TAMS 0x0000000087500000, 0x0000000087500000| Untracked 
| 118|0x0000000087600000, 0x0000000087700000, 0x0000000087700000|100%| O|  |TAMS 0x0000000087600000, 0x0000000087600000| Untracked 
| 119|0x0000000087700000, 0x0000000087800000, 0x0000000087800000|100%| O|  |TAMS 0x0000000087700000, 0x0000000087700000| Untracked 
| 120|0x0000000087800000, 0x0000000087900000, 0x0000000087900000|100%|HS|  |TAMS 0x0000000087800000, 0x0000000087800000| Complete 
| 121|0x0000000087900000, 0x0000000087a00000, 0x0000000087a00000|100%| O|  |TAMS 0x0000000087900000, 0x0000000087900000| Untracked 
| 122|0x0000000087a00000, 0x0000000087b00000, 0x0000000087b00000|100%| O|  |TAMS 0x0000000087a00000, 0x0000000087a00000| Untracked 
| 123|0x0000000087b00000, 0x0000000087c00000, 0x0000000087c00000|100%|HS|  |TAMS 0x0000000087b00000, 0x0000000087b00000| Complete 
| 124|0x0000000087c00000, 0x0000000087d00000, 0x0000000087d00000|100%| O|  |TAMS 0x0000000087c00000, 0x0000000087c00000| Untracked 
| 125|0x0000000087d00000, 0x0000000087e00000, 0x0000000087e00000|100%| O|  |TAMS 0x0000000087d00000, 0x0000000087d00000| Untracked 
| 126|0x0000000087e00000, 0x0000000087f00000, 0x0000000087f00000|100%| O|  |TAMS 0x0000000087e00000, 0x0000000087e00000| Untracked 
| 127|0x0000000087f00000, 0x0000000088000000, 0x0000000088000000|100%| O|  |TAMS 0x0000000087f00000, 0x0000000087f00000| Untracked 
| 128|0x0000000088000000, 0x0000000088100000, 0x0000000088100000|100%| O|  |TAMS 0x0000000088000000, 0x0000000088000000| Untracked 
| 129|0x0000000088100000, 0x0000000088200000, 0x0000000088200000|100%| O|  |TAMS 0x0000000088100000, 0x0000000088100000| Untracked 
| 130|0x0000000088200000, 0x0000000088300000, 0x0000000088300000|100%| O|  |TAMS 0x0000000088200000, 0x0000000088200000| Untracked 
| 131|0x0000000088300000, 0x0000000088400000, 0x0000000088400000|100%| O|  |TAMS 0x0000000088300000, 0x0000000088300000| Untracked 
| 132|0x0000000088400000, 0x0000000088500000, 0x0000000088500000|100%| O|  |TAMS 0x0000000088400000, 0x0000000088400000| Untracked 
| 133|0x0000000088500000, 0x0000000088600000, 0x0000000088600000|100%| O|  |TAMS 0x0000000088500000, 0x0000000088500000| Untracked 
| 134|0x0000000088600000, 0x0000000088700000, 0x0000000088700000|100%| O|  |TAMS 0x0000000088600000, 0x0000000088600000| Untracked 
| 135|0x0000000088700000, 0x0000000088800000, 0x0000000088800000|100%| O|  |TAMS 0x0000000088700000, 0x0000000088700000| Untracked 
| 136|0x0000000088800000, 0x0000000088900000, 0x0000000088900000|100%| O|  |TAMS 0x0000000088800000, 0x0000000088800000| Untracked 
| 137|0x0000000088900000, 0x0000000088a00000, 0x0000000088a00000|100%| O|  |TAMS 0x0000000088900000, 0x0000000088900000| Untracked 
| 138|0x0000000088a00000, 0x0000000088b00000, 0x0000000088b00000|100%| O|  |TAMS 0x0000000088a00000, 0x0000000088a00000| Untracked 
| 139|0x0000000088b00000, 0x0000000088c00000, 0x0000000088c00000|100%| O|  |TAMS 0x0000000088b00000, 0x0000000088b00000| Untracked 
| 140|0x0000000088c00000, 0x0000000088d00000, 0x0000000088d00000|100%| O|  |TAMS 0x0000000088c00000, 0x0000000088c00000| Untracked 
| 141|0x0000000088d00000, 0x0000000088e00000, 0x0000000088e00000|100%| O|  |TAMS 0x0000000088d00000, 0x0000000088d00000| Untracked 
| 142|0x0000000088e00000, 0x0000000088f00000, 0x0000000088f00000|100%| O|  |TAMS 0x0000000088e00000, 0x0000000088e00000| Untracked 
| 143|0x0000000088f00000, 0x0000000089000000, 0x0000000089000000|100%| O|  |TAMS 0x0000000088f00000, 0x0000000088f00000| Untracked 
| 144|0x0000000089000000, 0x0000000089100000, 0x0000000089100000|100%| O|  |TAMS 0x0000000089000000, 0x0000000089000000| Untracked 
| 145|0x0000000089100000, 0x0000000089200000, 0x0000000089200000|100%| O|  |TAMS 0x0000000089100000, 0x0000000089100000| Untracked 
| 146|0x0000000089200000, 0x0000000089300000, 0x0000000089300000|100%| O|  |TAMS 0x0000000089200000, 0x0000000089200000| Untracked 
| 147|0x0000000089300000, 0x0000000089400000, 0x0000000089400000|100%| O|  |TAMS 0x0000000089300000, 0x0000000089300000| Untracked 
| 148|0x0000000089400000, 0x0000000089500000, 0x0000000089500000|100%| O|  |TAMS 0x0000000089400000, 0x0000000089400000| Untracked 
| 149|0x0000000089500000, 0x0000000089600000, 0x0000000089600000|100%| O|  |TAMS 0x0000000089500000, 0x0000000089500000| Untracked 
| 150|0x0000000089600000, 0x0000000089700000, 0x0000000089700000|100%| O|  |TAMS 0x0000000089600000, 0x0000000089600000| Untracked 
| 151|0x0000000089700000, 0x0000000089800000, 0x0000000089800000|100%| O|  |TAMS 0x0000000089700000, 0x0000000089700000| Untracked 
| 152|0x0000000089800000, 0x0000000089900000, 0x0000000089900000|100%| O|  |TAMS 0x0000000089800000, 0x0000000089800000| Untracked 
| 153|0x0000000089900000, 0x0000000089a00000, 0x0000000089a00000|100%| O|  |TAMS 0x0000000089900000, 0x0000000089900000| Untracked 
| 154|0x0000000089a00000, 0x0000000089aa3000, 0x0000000089b00000| 63%| O|  |TAMS 0x0000000089a00000, 0x0000000089a00000| Untracked 
| 155|0x0000000089b00000, 0x0000000089b00000, 0x0000000089c00000|  0%| F|  |TAMS 0x0000000089b00000, 0x0000000089b00000| Untracked 
| 156|0x0000000089c00000, 0x0000000089c00000, 0x0000000089d00000|  0%| F|  |TAMS 0x0000000089c00000, 0x0000000089c00000| Untracked 
| 157|0x0000000089d00000, 0x0000000089d00000, 0x0000000089e00000|  0%| F|  |TAMS 0x0000000089d00000, 0x0000000089d00000| Untracked 
| 158|0x0000000089e00000, 0x0000000089e00000, 0x0000000089f00000|  0%| F|  |TAMS 0x0000000089e00000, 0x0000000089e00000| Untracked 
| 159|0x0000000089f00000, 0x0000000089f00000, 0x000000008a000000|  0%| F|  |TAMS 0x0000000089f00000, 0x0000000089f00000| Untracked 
| 160|0x000000008a000000, 0x000000008a000000, 0x000000008a100000|  0%| F|  |TAMS 0x000000008a000000, 0x000000008a000000| Untracked 
| 161|0x000000008a100000, 0x000000008a100000, 0x000000008a200000|  0%| F|  |TAMS 0x000000008a100000, 0x000000008a100000| Untracked 
| 162|0x000000008a200000, 0x000000008a200000, 0x000000008a300000|  0%| F|  |TAMS 0x000000008a200000, 0x000000008a200000| Untracked 
| 163|0x000000008a300000, 0x000000008a300000, 0x000000008a400000|  0%| F|  |TAMS 0x000000008a300000, 0x000000008a300000| Untracked 
| 164|0x000000008a400000, 0x000000008a400000, 0x000000008a500000|  0%| F|  |TAMS 0x000000008a400000, 0x000000008a400000| Untracked 
| 165|0x000000008a500000, 0x000000008a500000, 0x000000008a600000|  0%| F|  |TAMS 0x000000008a500000, 0x000000008a500000| Untracked 
| 166|0x000000008a600000, 0x000000008a600000, 0x000000008a700000|  0%| F|  |TAMS 0x000000008a600000, 0x000000008a600000| Untracked 
| 167|0x000000008a700000, 0x000000008a700000, 0x000000008a800000|  0%| F|  |TAMS 0x000000008a700000, 0x000000008a700000| Untracked 
| 168|0x000000008a800000, 0x000000008a800000, 0x000000008a900000|  0%| F|  |TAMS 0x000000008a800000, 0x000000008a800000| Untracked 
| 169|0x000000008a900000, 0x000000008a900000, 0x000000008aa00000|  0%| F|  |TAMS 0x000000008a900000, 0x000000008a900000| Untracked 
| 170|0x000000008aa00000, 0x000000008aa00000, 0x000000008ab00000|  0%| F|  |TAMS 0x000000008aa00000, 0x000000008aa00000| Untracked 
| 171|0x000000008ab00000, 0x000000008ab00000, 0x000000008ac00000|  0%| F|  |TAMS 0x000000008ab00000, 0x000000008ab00000| Untracked 
| 172|0x000000008ac00000, 0x000000008ac00000, 0x000000008ad00000|  0%| F|  |TAMS 0x000000008ac00000, 0x000000008ac00000| Untracked 
| 173|0x000000008ad00000, 0x000000008ad00000, 0x000000008ae00000|  0%| F|  |TAMS 0x000000008ad00000, 0x000000008ad00000| Untracked 
| 174|0x000000008ae00000, 0x000000008ae00000, 0x000000008af00000|  0%| F|  |TAMS 0x000000008ae00000, 0x000000008ae00000| Untracked 
| 175|0x000000008af00000, 0x000000008af00000, 0x000000008b000000|  0%| F|  |TAMS 0x000000008af00000, 0x000000008af00000| Untracked 
| 176|0x000000008b000000, 0x000000008b000000, 0x000000008b100000|  0%| F|  |TAMS 0x000000008b000000, 0x000000008b000000| Untracked 
| 177|0x000000008b100000, 0x000000008b100000, 0x000000008b200000|  0%| F|  |TAMS 0x000000008b100000, 0x000000008b100000| Untracked 
| 178|0x000000008b200000, 0x000000008b200000, 0x000000008b300000|  0%| F|  |TAMS 0x000000008b200000, 0x000000008b200000| Untracked 
| 179|0x000000008b300000, 0x000000008b300000, 0x000000008b400000|  0%| F|  |TAMS 0x000000008b300000, 0x000000008b300000| Untracked 
| 180|0x000000008b400000, 0x000000008b400000, 0x000000008b500000|  0%| F|  |TAMS 0x000000008b400000, 0x000000008b400000| Untracked 
| 181|0x000000008b500000, 0x000000008b600000, 0x000000008b600000|100%| S|CS|TAMS 0x000000008b500000, 0x000000008b500000| Complete 
| 182|0x000000008b600000, 0x000000008b600000, 0x000000008b700000|  0%| F|  |TAMS 0x000000008b600000, 0x000000008b600000| Untracked 
| 183|0x000000008b700000, 0x000000008b700000, 0x000000008b800000|  0%| F|  |TAMS 0x000000008b700000, 0x000000008b700000| Untracked 
| 184|0x000000008b800000, 0x000000008b800000, 0x000000008b900000|  0%| F|  |TAMS 0x000000008b800000, 0x000000008b800000| Untracked 
| 185|0x000000008b900000, 0x000000008b900000, 0x000000008ba00000|  0%| F|  |TAMS 0x000000008b900000, 0x000000008b900000| Untracked 
| 186|0x000000008ba00000, 0x000000008ba00000, 0x000000008bb00000|  0%| F|  |TAMS 0x000000008ba00000, 0x000000008ba00000| Untracked 
| 187|0x000000008bb00000, 0x000000008bc00000, 0x000000008bc00000|100%| S|CS|TAMS 0x000000008bb00000, 0x000000008bb00000| Complete 
| 188|0x000000008bc00000, 0x000000008bd00000, 0x000000008bd00000|100%| S|CS|TAMS 0x000000008bc00000, 0x000000008bc00000| Complete 
| 189|0x000000008bd00000, 0x000000008be00000, 0x000000008be00000|100%| S|CS|TAMS 0x000000008bd00000, 0x000000008bd00000| Complete 
| 190|0x000000008be00000, 0x000000008bf00000, 0x000000008bf00000|100%| S|CS|TAMS 0x000000008be00000, 0x000000008be00000| Complete 
| 191|0x000000008bf00000, 0x000000008bf00000, 0x000000008c000000|  0%| F|  |TAMS 0x000000008bf00000, 0x000000008bf00000| Untracked 
| 192|0x000000008c000000, 0x000000008c000000, 0x000000008c100000|  0%| F|  |TAMS 0x000000008c000000, 0x000000008c000000| Untracked 
| 193|0x000000008c100000, 0x000000008c100000, 0x000000008c200000|  0%| F|  |TAMS 0x000000008c100000, 0x000000008c100000| Untracked 
| 194|0x000000008c200000, 0x000000008c200000, 0x000000008c300000|  0%| F|  |TAMS 0x000000008c200000, 0x000000008c200000| Untracked 
| 195|0x000000008c300000, 0x000000008c300000, 0x000000008c400000|  0%| F|  |TAMS 0x000000008c300000, 0x000000008c300000| Untracked 
| 196|0x000000008c400000, 0x000000008c400000, 0x000000008c500000|  0%| F|  |TAMS 0x000000008c400000, 0x000000008c400000| Untracked 
| 197|0x000000008c500000, 0x000000008c500000, 0x000000008c600000|  0%| F|  |TAMS 0x000000008c500000, 0x000000008c500000| Untracked 
| 198|0x000000008c600000, 0x000000008c600000, 0x000000008c700000|  0%| F|  |TAMS 0x000000008c600000, 0x000000008c600000| Untracked 
| 199|0x000000008c700000, 0x000000008c700000, 0x000000008c800000|  0%| F|  |TAMS 0x000000008c700000, 0x000000008c700000| Untracked 
| 200|0x000000008c800000, 0x000000008c800000, 0x000000008c900000|  0%| F|  |TAMS 0x000000008c800000, 0x000000008c800000| Untracked 
| 201|0x000000008c900000, 0x000000008c900000, 0x000000008ca00000|  0%| F|  |TAMS 0x000000008c900000, 0x000000008c900000| Untracked 
| 202|0x000000008ca00000, 0x000000008ca00000, 0x000000008cb00000|  0%| F|  |TAMS 0x000000008ca00000, 0x000000008ca00000| Untracked 
| 203|0x000000008cb00000, 0x000000008cb00000, 0x000000008cc00000|  0%| F|  |TAMS 0x000000008cb00000, 0x000000008cb00000| Untracked 
| 204|0x000000008cc00000, 0x000000008cc00000, 0x000000008cd00000|  0%| F|  |TAMS 0x000000008cc00000, 0x000000008cc00000| Untracked 
| 205|0x000000008cd00000, 0x000000008cd00000, 0x000000008ce00000|  0%| F|  |TAMS 0x000000008cd00000, 0x000000008cd00000| Untracked 
| 206|0x000000008ce00000, 0x000000008ce00000, 0x000000008cf00000|  0%| F|  |TAMS 0x000000008ce00000, 0x000000008ce00000| Untracked 
| 207|0x000000008cf00000, 0x000000008cf00000, 0x000000008d000000|  0%| F|  |TAMS 0x000000008cf00000, 0x000000008cf00000| Untracked 
| 208|0x000000008d000000, 0x000000008d000000, 0x000000008d100000|  0%| F|  |TAMS 0x000000008d000000, 0x000000008d000000| Untracked 
| 209|0x000000008d100000, 0x000000008d100000, 0x000000008d200000|  0%| F|  |TAMS 0x000000008d100000, 0x000000008d100000| Untracked 
| 210|0x000000008d200000, 0x000000008d200000, 0x000000008d300000|  0%| F|  |TAMS 0x000000008d200000, 0x000000008d200000| Untracked 
| 211|0x000000008d300000, 0x000000008d300000, 0x000000008d400000|  0%| F|  |TAMS 0x000000008d300000, 0x000000008d300000| Untracked 
| 212|0x000000008d400000, 0x000000008d400000, 0x000000008d500000|  0%| F|  |TAMS 0x000000008d400000, 0x000000008d400000| Untracked 
| 213|0x000000008d500000, 0x000000008d500000, 0x000000008d600000|  0%| F|  |TAMS 0x000000008d500000, 0x000000008d500000| Untracked 
| 214|0x000000008d600000, 0x000000008d600000, 0x000000008d700000|  0%| F|  |TAMS 0x000000008d600000, 0x000000008d600000| Untracked 
| 215|0x000000008d700000, 0x000000008d700000, 0x000000008d800000|  0%| F|  |TAMS 0x000000008d700000, 0x000000008d700000| Untracked 
| 216|0x000000008d800000, 0x000000008d800000, 0x000000008d900000|  0%| F|  |TAMS 0x000000008d800000, 0x000000008d800000| Untracked 
| 217|0x000000008d900000, 0x000000008d953a78, 0x000000008da00000| 32%| E|  |TAMS 0x000000008d900000, 0x000000008d900000| Complete 
| 218|0x000000008da00000, 0x000000008db00000, 0x000000008db00000|100%| E|CS|TAMS 0x000000008da00000, 0x000000008da00000| Complete 
| 219|0x000000008db00000, 0x000000008dc00000, 0x000000008dc00000|100%| E|CS|TAMS 0x000000008db00000, 0x000000008db00000| Complete 
| 220|0x000000008dc00000, 0x000000008dd00000, 0x000000008dd00000|100%| E|CS|TAMS 0x000000008dc00000, 0x000000008dc00000| Complete 
| 221|0x000000008dd00000, 0x000000008de00000, 0x000000008de00000|100%| E|CS|TAMS 0x000000008dd00000, 0x000000008dd00000| Complete 

Card table byte_map: [0x000001c6e55c0000,0x000001c6e59c0000] _byte_map_base: 0x000001c6e51c0000

Marking Bits (Prev, Next): (CMBitMap*) 0x000001c6ce71fe90, (CMBitMap*) 0x000001c6ce71fe50
 Prev Bits: [0x000001c6e7dc0000, 0x000001c6e9dc0000)
 Next Bits: [0x000001c6e5dc0000, 0x000001c6e7dc0000)

Polling page: 0x000001c6cde80000

Metaspace:

Usage:
  Non-class:     82.96 MB used.
      Class:     13.49 MB used.
       Both:     96.45 MB used.

Virtual space:
  Non-class space:      128.00 MB reserved,      83.50 MB ( 65%) committed,  2 nodes.
      Class space:      416.00 MB reserved,      14.00 MB (  3%) committed,  1 nodes.
             Both:      544.00 MB reserved,      97.50 MB ( 18%) committed. 

Chunk freelists:
   Non-Class:  12.42 MB
       Class:  2.00 MB
        Both:  14.42 MB

MaxMetaspaceSize: 512.00 MB
CompressedClassSpaceSize: 416.00 MB
Initial GC threshold: 21.00 MB
Current GC threshold: 148.12 MB
CDS: on
MetaspaceReclaimPolicy: balanced
 - commit_granule_bytes: 65536.
 - commit_granule_words: 8192.
 - virtual_space_node_default_size: 8388608.
 - enlarge_chunks_in_place: 1.
 - new_chunks_are_fully_committed: 0.
 - uncommit_free_chunks: 1.
 - use_allocation_guard: 0.
 - handle_deallocations: 1.


Internal statistics:

num_allocs_failed_limit: 6.
num_arena_births: 1292.
num_arena_deaths: 0.
num_vsnodes_births: 3.
num_vsnodes_deaths: 0.
num_space_committed: 1560.
num_space_uncommitted: 0.
num_chunks_returned_to_freelist: 6.
num_chunks_taken_from_freelist: 5640.
num_chunk_merges: 6.
num_chunk_splits: 3637.
num_chunks_enlarged: 2289.
num_inconsistent_stats: 0.

CodeHeap 'non-profiled nmethods': size=120000Kb used=8810Kb max_used=8810Kb free=111190Kb
 bounds [0x000001c6ddc90000, 0x000001c6de530000, 0x000001c6e51c0000]
CodeHeap 'profiled nmethods': size=120000Kb used=24418Kb max_used=25410Kb free=95581Kb
 bounds [0x000001c6d61c0000, 0x000001c6d7aa0000, 0x000001c6dd6f0000]
CodeHeap 'non-nmethods': size=5760Kb used=2397Kb max_used=2472Kb free=3362Kb
 bounds [0x000001c6dd6f0000, 0x000001c6dd960000, 0x000001c6ddc90000]
 total_blobs=13480 nmethods=12550 adapters=842
 compilation: enabled
              stopped_count=0, restarted_count=0
 full_count=0

Compilation events (20 events):
Event: 50.248 Thread 0x000001c6f5bd7030 14882   !   4       org.gradle.cache.internal.DefaultCacheCoordinator::getFileLock (97 bytes)
Event: 50.250 Thread 0x000001c6ec284d60 14883       4       org.gradle.cache.internal.btree.KeyHasher$MessageDigestStream::getChecksum (41 bytes)
Event: 50.253 Thread 0x000001c6f5bd7030 nmethod 14882 0x000001c6de51b410 code [0x000001c6de51b5c0, 0x000001c6de51bb38]
Event: 50.253 Thread 0x000001c6f5bd7030 14884       4       org.gradle.cache.internal.btree.KeyHasher$MessageDigestStream::write (11 bytes)
Event: 50.263 Thread 0x000001c6f5bd7030 nmethod 14884 0x000001c6de51bf10 code [0x000001c6de51c0c0, 0x000001c6de51c788]
Event: 50.263 Thread 0x000001c6f5bd7030 14885       4       java.math.BigInteger::<init> (93 bytes)
Event: 50.274 Thread 0x000001c6ec284d60 nmethod 14883 0x000001c6de51cd10 code [0x000001c6de51cf20, 0x000001c6de51e0d8]
Event: 50.281 Thread 0x000001c6f5bd7030 nmethod 14885 0x000001c6de51ec90 code [0x000001c6de51ee60, 0x000001c6de51fd18]
Event: 50.288 Thread 0x000001c6f5bd7030 14886       4       org.gradle.internal.io.StreamByteBuffer$StreamByteBufferInputStream::read (8 bytes)
Event: 50.303 Thread 0x000001c6ec284d60 14887   !   4       org.gradle.cache.internal.DefaultMultiProcessSafeIndexedCache::getIfPresent (25 bytes)
Event: 50.308 Thread 0x000001c6f5bd7030 nmethod 14886 0x000001c6de520510 code [0x000001c6de5206c0, 0x000001c6de5214d8]
Event: 50.308 Thread 0x000001c6f5bd7030 14888       4       sun.nio.fs.WindowsPath::getFileName (87 bytes)
Event: 50.322 Thread 0x000001c6f5bd7030 nmethod 14888 0x000001c6de521b10 code [0x000001c6de521ce0, 0x000001c6de522958]
Event: 50.327 Thread 0x000001c6f5bd7030 14889       4       sun.security.provider.DigestBase::implCompressMultiBlockCheck (67 bytes)
Event: 50.328 Thread 0x000001c6f5bd7030 nmethod 14889 0x000001c6de522e90 code [0x000001c6de523020, 0x000001c6de523158]
Event: 50.338 Thread 0x000001c6f5bd7030 14890       4       org.gradle.cache.internal.DefaultFileLockManager$DefaultFileLock::assertOpenAndIntegral (41 bytes)
Event: 50.339 Thread 0x000001c6f5bd7030 nmethod 14890 0x000001c6de523290 code [0x000001c6de523420, 0x000001c6de523538]
Event: 50.356 Thread 0x000001c6f5bd7030 14891       4       java.util.concurrent.TimeUnit::convert (77 bytes)
Event: 50.357 Thread 0x000001c6f5bd7030 nmethod 14891 0x000001c6de523690 code [0x000001c6de523820, 0x000001c6de523a78]
Event: 50.357 Thread 0x000001c6f5bd7030 14892       4       java.util.concurrent.locks.AbstractQueuedSynchronizer::enqueue (60 bytes)

GC Heap History (20 events):
Event: 35.619 GC heap before
{Heap before GC invocations=39 (full 0):
 garbage-first heap   total 196608K, used 159755K [0x0000000080000000, 0x0000000100000000)
  region size 1024K, 74 young (75776K), 8 survivors (8192K)
 Metaspace       used 86555K, committed 87296K, reserved 557056K
  class space    used 12190K, committed 12544K, reserved 425984K
}
Event: 35.631 GC heap after
{Heap after GC invocations=40 (full 0):
 garbage-first heap   total 196608K, used 98947K [0x0000000080000000, 0x0000000100000000)
  region size 1024K, 8 young (8192K), 8 survivors (8192K)
 Metaspace       used 86555K, committed 87296K, reserved 557056K
  class space    used 12190K, committed 12544K, reserved 425984K
}
Event: 38.389 GC heap before
{Heap before GC invocations=40 (full 0):
 garbage-first heap   total 196608K, used 166531K [0x0000000080000000, 0x0000000100000000)
  region size 1024K, 69 young (70656K), 8 survivors (8192K)
 Metaspace       used 89487K, committed 90368K, reserved 557056K
  class space    used 12572K, committed 12992K, reserved 425984K
}
Event: 38.402 GC heap after
{Heap after GC invocations=41 (full 0):
 garbage-first heap   total 196608K, used 120412K [0x0000000080000000, 0x0000000100000000)
  region size 1024K, 9 young (9216K), 9 survivors (9216K)
 Metaspace       used 89487K, committed 90368K, reserved 557056K
  class space    used 12572K, committed 12992K, reserved 425984K
}
Event: 39.161 GC heap before
{Heap before GC invocations=41 (full 0):
 garbage-first heap   total 196608K, used 160348K [0x0000000080000000, 0x0000000100000000)
  region size 1024K, 47 young (48128K), 9 survivors (9216K)
 Metaspace       used 90127K, committed 90944K, reserved 557056K
  class space    used 12654K, committed 13056K, reserved 425984K
}
Event: 39.174 GC heap after
{Heap after GC invocations=42 (full 0):
 garbage-first heap   total 196608K, used 131019K [0x0000000080000000, 0x0000000100000000)
  region size 1024K, 6 young (6144K), 6 survivors (6144K)
 Metaspace       used 90127K, committed 90944K, reserved 557056K
  class space    used 12654K, committed 13056K, reserved 425984K
}
Event: 40.486 GC heap before
{Heap before GC invocations=43 (full 0):
 garbage-first heap   total 227328K, used 160715K [0x0000000080000000, 0x0000000100000000)
  region size 1024K, 33 young (33792K), 6 survivors (6144K)
 Metaspace       used 90790K, committed 91712K, reserved 557056K
  class space    used 12741K, committed 13184K, reserved 425984K
}
Event: 40.499 GC heap after
{Heap after GC invocations=44 (full 0):
 garbage-first heap   total 227328K, used 140046K [0x0000000080000000, 0x0000000100000000)
  region size 1024K, 5 young (5120K), 5 survivors (5120K)
 Metaspace       used 90790K, committed 91712K, reserved 557056K
  class space    used 12741K, committed 13184K, reserved 425984K
}
Event: 41.808 GC heap before
{Heap before GC invocations=44 (full 0):
 garbage-first heap   total 227328K, used 182030K [0x0000000080000000, 0x0000000100000000)
  region size 1024K, 46 young (47104K), 5 survivors (5120K)
 Metaspace       used 93941K, committed 94848K, reserved 557056K
  class space    used 13236K, committed 13632K, reserved 425984K
}
Event: 41.816 GC heap after
{Heap after GC invocations=45 (full 0):
 garbage-first heap   total 227328K, used 142609K [0x0000000080000000, 0x0000000100000000)
  region size 1024K, 2 young (2048K), 2 survivors (2048K)
 Metaspace       used 93941K, committed 94848K, reserved 557056K
  class space    used 13236K, committed 13632K, reserved 425984K
}
Event: 42.759 GC heap before
{Heap before GC invocations=45 (full 0):
 garbage-first heap   total 227328K, used 185617K [0x0000000080000000, 0x0000000100000000)
  region size 1024K, 44 young (45056K), 2 survivors (2048K)
 Metaspace       used 96203K, committed 97152K, reserved 557056K
  class space    used 13520K, committed 14016K, reserved 425984K
}
Event: 42.775 GC heap after
{Heap after GC invocations=46 (full 0):
 garbage-first heap   total 227328K, used 147364K [0x0000000080000000, 0x0000000100000000)
  region size 1024K, 6 young (6144K), 6 survivors (6144K)
 Metaspace       used 96203K, committed 97152K, reserved 557056K
  class space    used 13520K, committed 14016K, reserved 425984K
}
Event: 46.009 GC heap before
{Heap before GC invocations=46 (full 0):
 garbage-first heap   total 227328K, used 187300K [0x0000000080000000, 0x0000000100000000)
  region size 1024K, 45 young (46080K), 6 survivors (6144K)
 Metaspace       used 97082K, committed 98048K, reserved 557056K
  class space    used 13607K, committed 14080K, reserved 425984K
}
Event: 46.020 GC heap after
{Heap after GC invocations=47 (full 0):
 garbage-first heap   total 227328K, used 151744K [0x0000000080000000, 0x0000000100000000)
  region size 1024K, 5 young (5120K), 5 survivors (5120K)
 Metaspace       used 97082K, committed 98048K, reserved 557056K
  class space    used 13607K, committed 14080K, reserved 425984K
}
Event: 47.363 GC heap before
{Heap before GC invocations=47 (full 0):
 garbage-first heap   total 227328K, used 188608K [0x0000000080000000, 0x0000000100000000)
  region size 1024K, 41 young (41984K), 5 survivors (5120K)
 Metaspace       used 97479K, committed 98432K, reserved 557056K
  class space    used 13644K, committed 14080K, reserved 425984K
}
Event: 47.372 GC heap after
{Heap after GC invocations=48 (full 0):
 garbage-first heap   total 227328K, used 156051K [0x0000000080000000, 0x0000000100000000)
  region size 1024K, 5 young (5120K), 5 survivors (5120K)
 Metaspace       used 97479K, committed 98432K, reserved 557056K
  class space    used 13644K, committed 14080K, reserved 425984K
}
Event: 48.529 GC heap before
{Heap before GC invocations=48 (full 0):
 garbage-first heap   total 227328K, used 187795K [0x0000000080000000, 0x0000000100000000)
  region size 1024K, 37 young (37888K), 5 survivors (5120K)
 Metaspace       used 98270K, committed 99328K, reserved 557056K
  class space    used 13751K, committed 14272K, reserved 425984K
}
Event: 48.541 GC heap after
{Heap after GC invocations=49 (full 0):
 garbage-first heap   total 227328K, used 158878K [0x0000000080000000, 0x0000000100000000)
  region size 1024K, 3 young (3072K), 3 survivors (3072K)
 Metaspace       used 98270K, committed 99328K, reserved 557056K
  class space    used 13751K, committed 14272K, reserved 425984K
}
Event: 49.623 GC heap before
{Heap before GC invocations=49 (full 0):
 garbage-first heap   total 227328K, used 190622K [0x0000000080000000, 0x0000000100000000)
  region size 1024K, 35 young (35840K), 3 survivors (3072K)
 Metaspace       used 98698K, committed 99712K, reserved 557056K
  class space    used 13806K, committed 14336K, reserved 425984K
}
Event: 49.629 GC heap after
{Heap after GC invocations=50 (full 0):
 garbage-first heap   total 227328K, used 160056K [0x0000000080000000, 0x0000000100000000)
  region size 1024K, 5 young (5120K), 5 survivors (5120K)
 Metaspace       used 98698K, committed 99712K, reserved 557056K
  class space    used 13806K, committed 14336K, reserved 425984K
}

Dll operation events (14 events):
Event: 0.018 Loaded shared library C:\Program Files\Microsoft\jdk-17.0.8.7-hotspot\bin\java.dll
Event: 0.042 Loaded shared library C:\Program Files\Microsoft\jdk-17.0.8.7-hotspot\bin\jsvml.dll
Event: 0.127 Loaded shared library C:\Program Files\Microsoft\jdk-17.0.8.7-hotspot\bin\zip.dll
Event: 0.132 Loaded shared library C:\Program Files\Microsoft\jdk-17.0.8.7-hotspot\bin\instrument.dll
Event: 0.140 Loaded shared library C:\Program Files\Microsoft\jdk-17.0.8.7-hotspot\bin\net.dll
Event: 0.143 Loaded shared library C:\Program Files\Microsoft\jdk-17.0.8.7-hotspot\bin\nio.dll
Event: 0.149 Loaded shared library C:\Program Files\Microsoft\jdk-17.0.8.7-hotspot\bin\zip.dll
Event: 0.494 Loaded shared library C:\Program Files\Microsoft\jdk-17.0.8.7-hotspot\bin\jimage.dll
Event: 0.701 Loaded shared library C:\Program Files\Microsoft\jdk-17.0.8.7-hotspot\bin\verify.dll
Event: 0.867 Loaded shared library C:\Users\SOC SOLUTION\.gradle\native\68d5fa5c4cc2d200863cafc0d521ce42e7d3e7ee720ec0a83991735586a16f82\windows-amd64\native-platform.dll
Event: 0.904 Loaded shared library C:\Users\SOC SOLUTION\.gradle\native\e376f236ea51e6404a007f0833ffe2c6e607c4080706a723a18a27aeea778392\windows-amd64\native-platform-file-events.dll
Event: 3.192 Loaded shared library C:\Program Files\Microsoft\jdk-17.0.8.7-hotspot\bin\management.dll
Event: 3.195 Loaded shared library C:\Program Files\Microsoft\jdk-17.0.8.7-hotspot\bin\management_ext.dll
Event: 3.719 Loaded shared library C:\Program Files\Microsoft\jdk-17.0.8.7-hotspot\bin\sunmscapi.dll

Deoptimization events (20 events):
Event: 49.567 Thread 0x000001c6f4363730 Uncommon trap: trap_request=0xffffffc6 fr.pc=0x000001c6ddff9240 relative=0x00000000000000a0
Event: 49.567 Thread 0x000001c6f4363730 Uncommon trap: reason=bimorphic_or_optimized_type_check action=maybe_recompile pc=0x000001c6ddff9240 method=org.gradle.execution.plan.ActionNode.hasPendingPreExecutionNodes()Z @ 11 c2
Event: 49.567 Thread 0x000001c6f4363730 DEOPT PACKING pc=0x000001c6ddff9240 sp=0x000000b9918fe840
Event: 49.567 Thread 0x000001c6f4363730 DEOPT UNPACKING pc=0x000001c6dd7469a3 sp=0x000000b9918fe7c8 mode 2
Event: 49.596 Thread 0x000001c6f4363730 Uncommon trap: trap_request=0xffffffc6 fr.pc=0x000001c6ddff9240 relative=0x00000000000000a0
Event: 49.596 Thread 0x000001c6f4363730 Uncommon trap: reason=bimorphic_or_optimized_type_check action=maybe_recompile pc=0x000001c6ddff9240 method=org.gradle.execution.plan.ActionNode.hasPendingPreExecutionNodes()Z @ 11 c2
Event: 49.596 Thread 0x000001c6f4363730 DEOPT PACKING pc=0x000001c6ddff9240 sp=0x000000b9918fe840
Event: 49.596 Thread 0x000001c6f4363730 DEOPT UNPACKING pc=0x000001c6dd7469a3 sp=0x000000b9918fe7c8 mode 2
Event: 49.600 Thread 0x000001c6f4363730 Uncommon trap: trap_request=0xffffffc6 fr.pc=0x000001c6ddff9240 relative=0x00000000000000a0
Event: 49.600 Thread 0x000001c6f4363730 Uncommon trap: reason=bimorphic_or_optimized_type_check action=maybe_recompile pc=0x000001c6ddff9240 method=org.gradle.execution.plan.ActionNode.hasPendingPreExecutionNodes()Z @ 11 c2
Event: 49.600 Thread 0x000001c6f4363730 DEOPT PACKING pc=0x000001c6ddff9240 sp=0x000000b9918fe840
Event: 49.600 Thread 0x000001c6f4363730 DEOPT UNPACKING pc=0x000001c6dd7469a3 sp=0x000000b9918fe7c8 mode 2
Event: 49.604 Thread 0x000001c6f4363730 Uncommon trap: trap_request=0xffffffc6 fr.pc=0x000001c6ddff9240 relative=0x00000000000000a0
Event: 49.604 Thread 0x000001c6f4363730 Uncommon trap: reason=bimorphic_or_optimized_type_check action=maybe_recompile pc=0x000001c6ddff9240 method=org.gradle.execution.plan.ActionNode.hasPendingPreExecutionNodes()Z @ 11 c2
Event: 49.604 Thread 0x000001c6f4363730 DEOPT PACKING pc=0x000001c6ddff9240 sp=0x000000b9918fe840
Event: 49.604 Thread 0x000001c6f4363730 DEOPT UNPACKING pc=0x000001c6dd7469a3 sp=0x000000b9918fe7c8 mode 2
Event: 49.781 Thread 0x000001c6f4363730 Uncommon trap: trap_request=0xffffff45 fr.pc=0x000001c6de2bc938 relative=0x00000000000000f8
Event: 49.781 Thread 0x000001c6f4363730 Uncommon trap: reason=unstable_if action=reinterpret pc=0x000001c6de2bc938 method=java.util.concurrent.ConcurrentHashMap.addCount(JI)V @ 110 c2
Event: 49.781 Thread 0x000001c6f4363730 DEOPT PACKING pc=0x000001c6de2bc938 sp=0x000000b9918faaa0
Event: 49.781 Thread 0x000001c6f4363730 DEOPT UNPACKING pc=0x000001c6dd7469a3 sp=0x000000b9918fa9d8 mode 2

Classes unloaded (0 events):
No events

Classes redefined (0 events):
No events

Internal exceptions (20 events):
Event: 42.531 Thread 0x000001c6ec786080 Implicit null exception at 0x000001c6de3616ce to 0x000001c6de36204c
Event: 42.779 Thread 0x000001c6ec269b80 Implicit null exception at 0x000001c6de093bfd to 0x000001c6de094318
Event: 43.432 Thread 0x000001c6ec786080 Exception <a 'java/lang/IncompatibleClassChangeError'{0x000000008cb10798}: Found class java.lang.Object, but interface was expected> (0x000000008cb10798) 
thrown [s\src\hotspot\share\interpreter\linkResolver.cpp, line 826]
Event: 44.445 Thread 0x000001c6ec786080 Exception <a 'sun/nio/fs/WindowsException'{0x000000008c234838}> (0x000000008c234838) 
thrown [s\src\hotspot\share\prims\jni.cpp, line 516]
Event: 44.445 Thread 0x000001c6ec786080 Exception <a 'sun/nio/fs/WindowsException'{0x000000008c235ea8}> (0x000000008c235ea8) 
thrown [s\src\hotspot\share\prims\jni.cpp, line 516]
Event: 44.446 Thread 0x000001c6ec786080 Exception <a 'sun/nio/fs/WindowsException'{0x000000008c237568}> (0x000000008c237568) 
thrown [s\src\hotspot\share\prims\jni.cpp, line 516]
Event: 44.446 Thread 0x000001c6ec786080 Exception <a 'sun/nio/fs/WindowsException'{0x000000008c238c28}> (0x000000008c238c28) 
thrown [s\src\hotspot\share\prims\jni.cpp, line 516]
Event: 47.796 Thread 0x000001c6f4365590 Exception <a 'java/lang/NoSuchMethodError'{0x000000008d268050}: 'void java.lang.invoke.DirectMethodHandle$Holder.invokeStatic(java.lang.Object, java.lang.Object, java.lang.Object, java.lang.Object, int, java.lang.Object, java.lang.Object)'> (0x000000008d268050) 
thrown [s\src\hotspot\share\interpreter\linkResolver.cpp, line 759]
Event: 47.934 Thread 0x000001c6f4365590 Exception <a 'java/lang/NoSuchMethodError'{0x000000008cf0c790}: 'java.lang.Object java.lang.invoke.DirectMethodHandle$Holder.invokeSpecialIFC(java.lang.Object, java.lang.Object, java.lang.Object)'> (0x000000008cf0c790) 
thrown [s\src\hotspot\share\interpreter\linkResolver.cpp, line 759]
Event: 47.934 Thread 0x000001c6fc99f3a0 Exception <a 'java/lang/NoSuchMethodError'{0x000000008cf2d408}: 'java.lang.Object java.lang.invoke.DirectMethodHandle$Holder.invokeSpecialIFC(java.lang.Object, java.lang.Object, java.lang.Object)'> (0x000000008cf2d408) 
thrown [s\src\hotspot\share\interpreter\linkResolver.cpp, line 759]
Event: 47.935 Thread 0x000001c6fc99e470 Exception <a 'java/lang/NoSuchMethodError'{0x000000008d0e7440}: 'java.lang.Object java.lang.invoke.DirectMethodHandle$Holder.invokeSpecialIFC(java.lang.Object, java.lang.Object, java.lang.Object)'> (0x000000008d0e7440) 
thrown [s\src\hotspot\share\interpreter\linkResolver.cpp, line 759]
Event: 47.935 Thread 0x000001c6f435eb40 Exception <a 'java/lang/NoSuchMethodError'{0x000000008d0cfce0}: 'java.lang.Object java.lang.invoke.DirectMethodHandle$Holder.invokeSpecialIFC(java.lang.Object, java.lang.Object, java.lang.Object)'> (0x000000008d0cfce0) 
thrown [s\src\hotspot\share\interpreter\linkResolver.cpp, line 759]
Event: 48.177 Thread 0x000001c6f435eb40 Exception <a 'java/lang/NoSuchMethodError'{0x000000008c91aaf8}: 'void java.lang.invoke.DirectMethodHandle$Holder.invokeVirtual(java.lang.Object, java.lang.Object)'> (0x000000008c91aaf8) 
thrown [s\src\hotspot\share\interpreter\linkResolver.cpp, line 759]
Event: 49.277 Thread 0x000001c6f4363730 Exception <a 'java/lang/ClassNotFoundException'{0x000000008c05a3c0}: groovy/util/FileTreeBuilderBeanInfo> (0x000000008c05a3c0) 
thrown [s\src\hotspot\share\classfile\systemDictionary.cpp, line 256]
Event: 49.278 Thread 0x000001c6f4363730 Exception <a 'java/lang/ClassNotFoundException'{0x000000008c0bf100}: groovy/util/FileTreeBuilderCustomizer> (0x000000008c0bf100) 
thrown [s\src\hotspot\share\classfile\systemDictionary.cpp, line 256]
Event: 49.318 Thread 0x000001c6f4363730 Exception <a 'java/lang/ClassNotFoundException'{0x000000008bf07f20}: java/io/BufferedWriterBeanInfo> (0x000000008bf07f20) 
thrown [s\src\hotspot\share\classfile\systemDictionary.cpp, line 256]
Event: 49.318 Thread 0x000001c6f4363730 Exception <a 'java/lang/ClassNotFoundException'{0x000000008bf0d820}: java/io/WriterBeanInfo> (0x000000008bf0d820) 
thrown [s\src\hotspot\share\classfile\systemDictionary.cpp, line 256]
Event: 49.318 Thread 0x000001c6f4363730 Exception <a 'java/lang/ClassNotFoundException'{0x000000008bf12e20}: java/io/WriterCustomizer> (0x000000008bf12e20) 
thrown [s\src\hotspot\share\classfile\systemDictionary.cpp, line 256]
Event: 49.319 Thread 0x000001c6f4363730 Exception <a 'java/lang/ClassNotFoundException'{0x000000008bf21a80}: java/io/BufferedWriterCustomizer> (0x000000008bf21a80) 
thrown [s\src\hotspot\share\classfile\systemDictionary.cpp, line 256]
Event: 49.561 Thread 0x000001c6f4363730 Exception <a 'java/lang/NoSuchMethodError'{0x000000008bfc4730}: static Lcom/android/build/api/variant/BuildConfigField;.<clinit>()V> (0x000000008bfc4730) 
thrown [s\src\hotspot\share\prims\jni.cpp, line 1107]

VM Operations (20 events):
Event: 48.036 Executing VM operation: ICBufferFull
Event: 48.038 Executing VM operation: ICBufferFull done
Event: 48.167 Executing VM operation: HandshakeAllThreads
Event: 48.176 Executing VM operation: HandshakeAllThreads done
Event: 48.195 Executing VM operation: ICBufferFull
Event: 48.196 Executing VM operation: ICBufferFull done
Event: 48.312 Executing VM operation: HandshakeAllThreads
Event: 48.383 Executing VM operation: HandshakeAllThreads done
Event: 48.528 Executing VM operation: G1CollectForAllocation
Event: 48.542 Executing VM operation: G1CollectForAllocation done
Event: 48.663 Executing VM operation: HandshakeAllThreads
Event: 48.664 Executing VM operation: HandshakeAllThreads done
Event: 49.055 Executing VM operation: ICBufferFull
Event: 49.055 Executing VM operation: ICBufferFull done
Event: 49.281 Executing VM operation: HandshakeAllThreads
Event: 49.281 Executing VM operation: HandshakeAllThreads done
Event: 49.283 Executing VM operation: HandshakeAllThreads
Event: 49.283 Executing VM operation: HandshakeAllThreads done
Event: 49.623 Executing VM operation: G1CollectForAllocation
Event: 49.629 Executing VM operation: G1CollectForAllocation done

Events (20 events):
Event: 49.008 Thread 0x000001c6fb030ab0 Thread added: 0x000001c6fb030ab0
Event: 49.109 Thread 0x000001c6fb0319e0 Thread added: 0x000001c6fb0319e0
Event: 49.317 loading class java/io/BufferedWriterBeanInfo
Event: 49.317 loading class java/io/BufferedWriterBeanInfo done
Event: 49.318 loading class java/io/BufferedWriterBeanInfo
Event: 49.318 loading class java/io/BufferedWriterBeanInfo done
Event: 49.318 loading class java/io/WriterBeanInfo
Event: 49.318 loading class java/io/WriterBeanInfo done
Event: 49.318 loading class java/io/WriterBeanInfo
Event: 49.318 loading class java/io/WriterBeanInfo done
Event: 49.318 loading class java/io/WriterCustomizer
Event: 49.318 loading class java/io/WriterCustomizer done
Event: 49.318 loading class java/io/WriterCustomizer
Event: 49.318 loading class java/io/WriterCustomizer done
Event: 49.319 loading class java/io/BufferedWriterCustomizer
Event: 49.319 loading class java/io/BufferedWriterCustomizer done
Event: 49.319 loading class java/io/BufferedWriterCustomizer
Event: 49.319 loading class java/io/BufferedWriterCustomizer done
Event: 49.557 Thread 0x000001c6f5bd4060 Thread exited: 0x000001c6f5bd4060
Event: 49.643 Thread 0x000001c6f5bd7030 Thread added: 0x000001c6f5bd7030


Dynamic libraries:
0x00007ff6645f0000 - 0x00007ff6645fe000 	C:\Program Files\Microsoft\jdk-17.0.8.7-hotspot\bin\java.exe
0x00007ff9d12f0000 - 0x00007ff9d14e8000 	C:\WINDOWS\SYSTEM32\ntdll.dll
0x00007ff9cf520000 - 0x00007ff9cf5dd000 	C:\WINDOWS\System32\KERNEL32.DLL
0x00007ff9cece0000 - 0x00007ff9cefd6000 	C:\WINDOWS\System32\KERNELBASE.dll
0x00007ff9cf010000 - 0x00007ff9cf110000 	C:\WINDOWS\System32\ucrtbase.dll
0x00007ff9a73b0000 - 0x00007ff9a73c7000 	C:\Program Files\Microsoft\jdk-17.0.8.7-hotspot\bin\jli.dll
0x00007ff9cfa50000 - 0x00007ff9cfbee000 	C:\WINDOWS\System32\USER32.dll
0x00007ff9cefe0000 - 0x00007ff9cf002000 	C:\WINDOWS\System32\win32u.dll
0x00007ff9cf4f0000 - 0x00007ff9cf51c000 	C:\WINDOWS\System32\GDI32.dll
0x00007ff9cf1a0000 - 0x00007ff9cf2ba000 	C:\WINDOWS\System32\gdi32full.dll
0x00007ff9ce9c0000 - 0x00007ff9cea5d000 	C:\WINDOWS\System32\msvcp_win.dll
0x00007ff9a7b60000 - 0x00007ff9a7b7b000 	C:\Program Files\Microsoft\jdk-17.0.8.7-hotspot\bin\VCRUNTIME140.dll
0x00007ff9c2c50000 - 0x00007ff9c2eea000 	C:\WINDOWS\WinSxS\amd64_microsoft.windows.common-controls_6595b64144ccf1df_6.0.19041.3636_none_60b6a03d71f818d5\COMCTL32.dll
0x00007ff9d0d20000 - 0x00007ff9d0dbe000 	C:\WINDOWS\System32\msvcrt.dll
0x00007ff9d0b00000 - 0x00007ff9d0b30000 	C:\WINDOWS\System32\IMM32.DLL
0x00007ff9bc950000 - 0x00007ff9bc95c000 	C:\Program Files\Microsoft\jdk-17.0.8.7-hotspot\bin\vcruntime140_1.dll
0x00007ff9a7320000 - 0x00007ff9a73ad000 	C:\Program Files\Microsoft\jdk-17.0.8.7-hotspot\bin\msvcp140.dll
0x00007ff94f1b0000 - 0x00007ff94fe15000 	C:\Program Files\Microsoft\jdk-17.0.8.7-hotspot\bin\server\jvm.dll
0x00007ff9d1060000 - 0x00007ff9d1113000 	C:\WINDOWS\System32\ADVAPI32.dll
0x00007ff9d0fc0000 - 0x00007ff9d105f000 	C:\WINDOWS\System32\sechost.dll
0x00007ff9d1180000 - 0x00007ff9d12a6000 	C:\WINDOWS\System32\RPCRT4.dll
0x00007ff9cf2c0000 - 0x00007ff9cf2e7000 	C:\WINDOWS\System32\bcrypt.dll
0x00007ff9ce820000 - 0x00007ff9ce86b000 	C:\WINDOWS\SYSTEM32\POWRPROF.dll
0x00007ff9b93f0000 - 0x00007ff9b93f9000 	C:\WINDOWS\SYSTEM32\WSOCK32.dll
0x00007ff9d02c0000 - 0x00007ff9d032b000 	C:\WINDOWS\System32\WS2_32.dll
0x00007ff9ca0d0000 - 0x00007ff9ca0f7000 	C:\WINDOWS\SYSTEM32\WINMM.dll
0x00007ff9c75f0000 - 0x00007ff9c75fa000 	C:\WINDOWS\SYSTEM32\VERSION.dll
0x00007ff9ce800000 - 0x00007ff9ce812000 	C:\WINDOWS\SYSTEM32\UMPDC.dll
0x00007ff9cc850000 - 0x00007ff9cc862000 	C:\WINDOWS\SYSTEM32\kernel.appcore.dll
0x00007ff9b9210000 - 0x00007ff9b921a000 	C:\Program Files\Microsoft\jdk-17.0.8.7-hotspot\bin\jimage.dll
0x00007ff9ba6a0000 - 0x00007ff9ba884000 	C:\WINDOWS\SYSTEM32\DBGHELP.DLL
0x00007ff9ba660000 - 0x00007ff9ba694000 	C:\WINDOWS\SYSTEM32\dbgcore.DLL
0x00007ff9cf110000 - 0x00007ff9cf192000 	C:\WINDOWS\System32\bcryptPrimitives.dll
0x00007ff9b56b0000 - 0x00007ff9b56be000 	C:\Program Files\Microsoft\jdk-17.0.8.7-hotspot\bin\instrument.dll
0x00007ff9a72f0000 - 0x00007ff9a7315000 	C:\Program Files\Microsoft\jdk-17.0.8.7-hotspot\bin\java.dll
0x00007ff9a1550000 - 0x00007ff9a1627000 	C:\Program Files\Microsoft\jdk-17.0.8.7-hotspot\bin\jsvml.dll
0x00007ff9d0330000 - 0x00007ff9d0a75000 	C:\WINDOWS\System32\SHELL32.dll
0x00007ff9cca50000 - 0x00007ff9cd1eb000 	C:\WINDOWS\SYSTEM32\windows.storage.dll
0x00007ff9cfda0000 - 0x00007ff9d00f4000 	C:\WINDOWS\System32\combase.dll
0x00007ff9ce240000 - 0x00007ff9ce26d000 	C:\WINDOWS\SYSTEM32\Wldp.dll
0x00007ff9d0b90000 - 0x00007ff9d0c3d000 	C:\WINDOWS\System32\SHCORE.dll
0x00007ff9d0b30000 - 0x00007ff9d0b85000 	C:\WINDOWS\System32\shlwapi.dll
0x00007ff9ce8f0000 - 0x00007ff9ce915000 	C:\WINDOWS\SYSTEM32\profapi.dll
0x00007ff9a69d0000 - 0x00007ff9a69e8000 	C:\Program Files\Microsoft\jdk-17.0.8.7-hotspot\bin\zip.dll
0x00007ff9a6a10000 - 0x00007ff9a6a29000 	C:\Program Files\Microsoft\jdk-17.0.8.7-hotspot\bin\net.dll
0x00007ff9c81e0000 - 0x00007ff9c82ea000 	C:\WINDOWS\SYSTEM32\WINHTTP.dll
0x00007ff9ce020000 - 0x00007ff9ce08a000 	C:\WINDOWS\system32\mswsock.dll
0x00007ff9a69f0000 - 0x00007ff9a6a06000 	C:\Program Files\Microsoft\jdk-17.0.8.7-hotspot\bin\nio.dll
0x00007ff9b7a20000 - 0x00007ff9b7a30000 	C:\Program Files\Microsoft\jdk-17.0.8.7-hotspot\bin\verify.dll
0x00007ff9a69a0000 - 0x00007ff9a69c7000 	C:\Users\SOC SOLUTION\.gradle\native\68d5fa5c4cc2d200863cafc0d521ce42e7d3e7ee720ec0a83991735586a16f82\windows-amd64\native-platform.dll
0x00007ff97b5d0000 - 0x00007ff97b714000 	C:\Users\SOC SOLUTION\.gradle\native\e376f236ea51e6404a007f0833ffe2c6e607c4080706a723a18a27aeea778392\windows-amd64\native-platform-file-events.dll
0x00007ff9b60f0000 - 0x00007ff9b60f9000 	C:\Program Files\Microsoft\jdk-17.0.8.7-hotspot\bin\management.dll
0x00007ff9b5df0000 - 0x00007ff9b5dfb000 	C:\Program Files\Microsoft\jdk-17.0.8.7-hotspot\bin\management_ext.dll
0x00007ff9d02b0000 - 0x00007ff9d02b8000 	C:\WINDOWS\System32\PSAPI.DLL
0x00007ff9ce280000 - 0x00007ff9ce298000 	C:\WINDOWS\SYSTEM32\CRYPTSP.dll
0x00007ff9cd970000 - 0x00007ff9cd9a4000 	C:\WINDOWS\system32\rsaenh.dll
0x00007ff9ce870000 - 0x00007ff9ce89e000 	C:\WINDOWS\SYSTEM32\USERENV.dll
0x00007ff9ce1b0000 - 0x00007ff9ce1bc000 	C:\WINDOWS\SYSTEM32\CRYPTBASE.dll
0x00007ff9cdd30000 - 0x00007ff9cdd6b000 	C:\WINDOWS\SYSTEM32\IPHLPAPI.DLL
0x00007ff9d0fb0000 - 0x00007ff9d0fb8000 	C:\WINDOWS\System32\NSI.dll
0x00007ff9c8e40000 - 0x00007ff9c8e57000 	C:\WINDOWS\SYSTEM32\dhcpcsvc6.DLL
0x00007ff9c8db0000 - 0x00007ff9c8dcd000 	C:\WINDOWS\SYSTEM32\dhcpcsvc.DLL
0x00007ff9cdd70000 - 0x00007ff9cde3a000 	C:\WINDOWS\SYSTEM32\DNSAPI.dll
0x00007ff9c7020000 - 0x00007ff9c702e000 	C:\Program Files\Microsoft\jdk-17.0.8.7-hotspot\bin\sunmscapi.dll
0x00007ff9ceb80000 - 0x00007ff9cecdd000 	C:\WINDOWS\System32\CRYPT32.dll
0x00007ff9ce390000 - 0x00007ff9ce3b8000 	C:\WINDOWS\SYSTEM32\ncrypt.dll
0x00007ff9ce350000 - 0x00007ff9ce38b000 	C:\WINDOWS\SYSTEM32\NTASN1.dll
0x00007ff9b5150000 - 0x00007ff9b5157000 	C:\WINDOWS\system32\wshunix.dll
0x00007ff9b9870000 - 0x00007ff9b9887000 	C:\WINDOWS\system32\napinsp.dll
0x00007ff9b7aa0000 - 0x00007ff9b7abb000 	C:\WINDOWS\system32\pnrpnsp.dll
0x00007ff9b50b0000 - 0x00007ff9b50c5000 	C:\WINDOWS\system32\wshbth.dll
0x00007ff9ca2a0000 - 0x00007ff9ca2bd000 	C:\WINDOWS\system32\NLAapi.dll
0x00007ff9b5180000 - 0x00007ff9b5192000 	C:\WINDOWS\System32\winrnr.dll
0x00007ff9c6f80000 - 0x00007ff9c6f8a000 	C:\Windows\System32\rasadhlp.dll
0x00007ff9c7300000 - 0x00007ff9c7380000 	C:\WINDOWS\System32\fwpuclnt.dll

dbghelp: loaded successfully - version: 4.0.5 - missing functions: none
symbol engine: initialized successfully - sym options: 0x614 - pdb path: .;C:\Program Files\Microsoft\jdk-17.0.8.7-hotspot\bin;C:\WINDOWS\SYSTEM32;C:\WINDOWS\WinSxS\amd64_microsoft.windows.common-controls_6595b64144ccf1df_6.0.19041.3636_none_60b6a03d71f818d5;C:\Program Files\Microsoft\jdk-17.0.8.7-hotspot\bin\server;C:\Users\SOC SOLUTION\.gradle\native\68d5fa5c4cc2d200863cafc0d521ce42e7d3e7ee720ec0a83991735586a16f82\windows-amd64;C:\Users\SOC SOLUTION\.gradle\native\e376f236ea51e6404a007f0833ffe2c6e607c4080706a723a18a27aeea778392\windows-amd64

VM Arguments:
jvm_args: -XX:MaxMetaspaceSize=512m --add-opens=java.base/java.util=ALL-UNNAMED --add-opens=java.base/java.lang=ALL-UNNAMED --add-opens=java.base/java.lang.invoke=ALL-UNNAMED --add-opens=java.prefs/java.util.prefs=ALL-UNNAMED --add-opens=java.base/java.nio.charset=ALL-UNNAMED --add-opens=java.base/java.net=ALL-UNNAMED --add-opens=java.base/java.util.concurrent.atomic=ALL-UNNAMED -Xmx2048m -Dfile.encoding=windows-1252 -Duser.country=US -Duser.language=en -Duser.variant -javaagent:C:\Users\SOC SOLUTION\.gradle\wrapper\dists\gradle-8.3-all\6en3ugtfdg5xnpx44z4qbwgas\gradle-8.3\lib\agents\gradle-instrumentation-agent-8.3.jar 
java_command: org.gradle.launcher.daemon.bootstrap.GradleDaemon 8.3
java_class_path (initial): C:\Users\SOC SOLUTION\.gradle\wrapper\dists\gradle-8.3-all\6en3ugtfdg5xnpx44z4qbwgas\gradle-8.3\lib\gradle-launcher-8.3.jar
Launcher Type: SUN_STANDARD

[Global flags]
     intx CICompilerCount                          = 3                                         {product} {ergonomic}
   size_t CompressedClassSpaceSize                 = 436207616                                 {product} {ergonomic}
     uint ConcGCThreads                            = 1                                         {product} {ergonomic}
     uint G1ConcRefinementThreads                  = 4                                         {product} {ergonomic}
   size_t G1HeapRegionSize                         = 1048576                                   {product} {ergonomic}
    uintx GCDrainStackTargetSize                   = 64                                        {product} {ergonomic}
   size_t InitialHeapSize                          = 134217728                                 {product} {ergonomic}
   size_t MarkStackSize                            = 4194304                                   {product} {ergonomic}
   size_t MaxHeapSize                              = 2147483648                                {product} {command line}
   size_t MaxMetaspaceSize                         = 536870912                                 {product} {command line}
   size_t MaxNewSize                               = 1287651328                                {product} {ergonomic}
   size_t MinHeapDeltaBytes                        = 1048576                                   {product} {ergonomic}
   size_t MinHeapSize                              = 8388608                                   {product} {ergonomic}
    uintx NonNMethodCodeHeapSize                   = 5832780                                {pd product} {ergonomic}
    uintx NonProfiledCodeHeapSize                  = 122912730                              {pd product} {ergonomic}
    uintx ProfiledCodeHeapSize                     = 122912730                              {pd product} {ergonomic}
    uintx ReservedCodeCacheSize                    = 251658240                              {pd product} {ergonomic}
     bool SegmentedCodeCache                       = true                                      {product} {ergonomic}
   size_t SoftMaxHeapSize                          = 2147483648                             {manageable} {ergonomic}
     bool UseCompressedClassPointers               = true                           {product lp64_product} {ergonomic}
     bool UseCompressedOops                        = true                           {product lp64_product} {ergonomic}
     bool UseG1GC                                  = true                                      {product} {ergonomic}
     bool UseLargePagesIndividualAllocation        = false                                  {pd product} {ergonomic}

Logging:
Log output configuration:
 #0: stdout all=warning uptime,level,tags
 #1: stderr all=off uptime,level,tags

Environment Variables:
JAVA_HOME=C:\Program Files\Microsoft\jdk-17.0.8.7-hotspot\
CLASSPATH=E:\A SOC 2024\react-native\wave\WAVE_FRONTEND\android\\gradle\wrapper\gradle-wrapper.jar
PATH=E:\A SOC 2024\react-native\wave\WAVE_FRONTEND\node_modules\.bin;E:\A SOC 2024\react-native\wave\WAVE_FRONTEND\node_modules\.bin;E:\A SOC 2024\react-native\wave\node_modules\.bin;E:\A SOC 2024\react-native\node_modules\.bin;E:\A SOC 2024\node_modules\.bin;E:\node_modules\.bin;C:\Users\SOC SOLUTION\AppData\Roaming\nvm\v18.18.2\node_modules\npm\node_modules\@npmcli\run-script\lib\node-gyp-bin;E:\A SOC 2024\react-native\wave\WAVE_FRONTEND\node_modules\.bin;E:\A SOC 2024\react-native\wave\node_modules\.bin;E:\A SOC 2024\react-native\node_modules\.bin;E:\A SOC 2024\node_modules\.bin;E:\node_modules\.bin;C:\Users\SOC SOLUTION\AppData\Roaming\nvm\v18.18.2\node_modules\npm\node_modules\@npmcli\run-script\lib\node-gyp-bin;C:\Program Files\Microsoft\jdk-17.0.8.7-hotspot\bin;C:\Program Files\Microsoft\jdk-11.0.20.8-hotspot\bin;C:\Python311\Scripts\;C:\Python311\;C:\WINDOWS\system32;C:\WINDOWS;C:\WINDOWS\System32\Wbem;C:\WINDOWS\System32\WindowsPowerShell\v1.0\;C:\WINDOWS\System32\OpenSSH\;C:\ProgramData\chocolatey\bin;C:\Program Files\Git\cmd;C:\Users\SOC SOLUTION\AppData\Roaming\nvm;C:\Program Files\nodejs;C:\Program Files\nodejs\;C:\Users\SOC SOLUTION\AppData\Local\Microsoft\WindowsApps;C:\Users\SOC SOLUTION\AppData\Local\Programs\Microsoft VS Code\bin;C:\Users\SOC SOLUTION\AppData\Roaming\nvm;C:\Program Files\nodejs;C:\Users\SOC SOLUTION\AppData\Roaming\npm;C:\Users\SOC SOLUTION\AppData\Local\Android\Sdk\build-tools;C:\Users\SOC SOLUTION\AppData\Local\Android\Sdk\emulator;C:\Users\SOC SOLUTION\AppData\Local\Android\Sdk\extras;C:\Users\SOC SOLUTION\AppData\Local\Android\Sdk\platforms;C:\Users\SOC SOLUTION\AppData\Local\Android\Sdk\platforms\android-33;C:\Users\SOC SOLUTION\AppData\Local\Android\Sdk\platform-tools;
USERNAME=SOC SOLUTION
OS=Windows_NT
PROCESSOR_IDENTIFIER=Intel64 Family 6 Model 60 Stepping 3, GenuineIntel
TMP=C:\Users\SOCSOL~1\AppData\Local\Temp
TEMP=C:\Users\SOCSOL~1\AppData\Local\Temp



---------------  S Y S T E M  ---------------

OS:
 Windows 10 , 64 bit Build 19041 (10.0.19041.3636)
OS uptime: 2 days 4:01 hours
Hyper-V role detected

CPU: total 4 (initial active 4) (4 cores per cpu, 1 threads per core) family 6 model 60 stepping 3 microcode 0x28, cx8, cmov, fxsr, mmx, sse, sse2, sse3, ssse3, sse4.1, sse4.2, popcnt, lzcnt, tsc, tscinvbit, avx, avx2, aes, erms, clmul, bmi1, bmi2, fma, vzeroupper, clflush, hv
Processor Information for all 4 processors :
  Max Mhz: 3301, Current Mhz: 3301, Mhz Limit: 3301

Memory: 4k page, system-wide physical 8080M (2662M free)
TotalPageFile size 16272M (AvailPageFile size 9571M)
current process WorkingSet (physical memory assigned to process): 523M, peak: 531M
current process commit charge ("private bytes"): 560M, peak: 569M

vm_info: OpenJDK 64-Bit Server VM (17.0.8+7-LTS) for windows-amd64 JRE (17.0.8+7-LTS), built on Jul  7 2023 17:21:55 by "MicrosoftCorporation" with MS VC++ 16.10 / 16.11 (VS2019)

END.
